{"numTotalTestSuites":55,"numPassedTestSuites":19,"numFailedTestSuites":36,"numPendingTestSuites":0,"numTotalTests":131,"numPassedTests":44,"numFailedTests":70,"numPendingTests":0,"numTodoTests":0,"snapshot":{"added":0,"failure":false,"filesAdded":0,"filesRemoved":0,"filesRemovedList":[],"filesUnmatched":0,"filesUpdated":0,"matched":0,"total":0,"unchecked":0,"uncheckedKeysByFile":[],"unmatched":0,"updated":0,"didUpdate":false},"startTime":1768837946371,"success":false,"testResults":[{"assertionResults":[{"ancestorTitles":["CLI Commands","quality-check command"],"fullName":"CLI Commands quality-check command should validate specified files","status":"passed","title":"should validate specified files","duration":2.9927000000000135,"failureMessages":[],"meta":{}},{"ancestorTitles":["CLI Commands","quality-check command"],"fullName":"CLI Commands quality-check command should support dry-run mode","status":"passed","title":"should support dry-run mode","duration":0.5979999999999563,"failureMessages":[],"meta":{}},{"ancestorTitles":["CLI Commands","quality-check command"],"fullName":"CLI Commands quality-check command should exit with code 1 when validation fails","status":"passed","title":"should exit with code 1 when validation fails","duration":0.37750000000005457,"failureMessages":[],"meta":{}},{"ancestorTitles":["CLI Commands","quality-check command"],"fullName":"CLI Commands quality-check command should exit with code 0 when validation passes","status":"passed","title":"should exit with code 0 when validation passes","duration":0.30709999999999127,"failureMessages":[],"meta":{}},{"ancestorTitles":["CLI Commands","quality-check command"],"fullName":"CLI Commands quality-check command should support table output format","status":"passed","title":"should support table output format","duration":0.27349999999989905,"failureMessages":[],"meta":{}},{"ancestorTitles":["CLI Commands","quality-check command"],"fullName":"CLI Commands quality-check command should support JSON output format","status":"passed","title":"should support JSON output format","duration":0.3039999999999736,"failureMessages":[],"meta":{}},{"ancestorTitles":["CLI Commands","quality-check command"],"fullName":"CLI Commands quality-check command should validate only staged files with --staged","status":"passed","title":"should validate only staged files with --staged","duration":0.2949999999999591,"failureMessages":[],"meta":{}},{"ancestorTitles":["CLI Commands","quality-check command"],"fullName":"CLI Commands quality-check command should validate only changed files with --changed","status":"passed","title":"should validate only changed files with --changed","duration":0.4255999999999176,"failureMessages":[],"meta":{}},{"ancestorTitles":["CLI Commands","docs-sync command"],"fullName":"CLI Commands docs-sync command should trigger OpenAPI sync when route files change","status":"passed","title":"should trigger OpenAPI sync when route files change","duration":0.5179000000000542,"failureMessages":[],"meta":{}},{"ancestorTitles":["CLI Commands","docs-sync command"],"fullName":"CLI Commands docs-sync command should trigger README update when core modules change","status":"passed","title":"should trigger README update when core modules change","duration":0.5131999999999834,"failureMessages":[],"meta":{}},{"ancestorTitles":["CLI Commands","docs-sync command"],"fullName":"CLI Commands docs-sync command should trigger JSDoc generation when source files change","status":"passed","title":"should trigger JSDoc generation when source files change","duration":0.36099999999999,"failureMessages":[],"meta":{}},{"ancestorTitles":["CLI Commands","docs-sync command"],"fullName":"CLI Commands docs-sync command should support dry-run mode","status":"passed","title":"should support dry-run mode","duration":0.3630000000000564,"failureMessages":[],"meta":{}},{"ancestorTitles":["CLI Commands","docs-sync command"],"fullName":"CLI Commands docs-sync command should support individual triggers with --openapi, --readme, --jsdoc","status":"passed","title":"should support individual triggers with --openapi, --readme, --jsdoc","duration":0.35149999999998727,"failureMessages":[],"meta":{}},{"ancestorTitles":["CLI Commands","docs-sync command"],"fullName":"CLI Commands docs-sync command should always exit with code 0 (non-blocking)","status":"passed","title":"should always exit with code 0 (non-blocking)","duration":0.2980999999999767,"failureMessages":[],"meta":{}},{"ancestorTitles":["CLI Commands","docs-sync command"],"fullName":"CLI Commands docs-sync command should handle MCP connection errors gracefully","status":"passed","title":"should handle MCP connection errors gracefully","duration":0.22470000000009804,"failureMessages":[],"meta":{}},{"ancestorTitles":["CLI Commands","quality-config command"],"fullName":"CLI Commands quality-config command should initialize configuration with --init","status":"passed","title":"should initialize configuration with --init","duration":0.40629999999998745,"failureMessages":[],"meta":{}},{"ancestorTitles":["CLI Commands","quality-config command"],"fullName":"CLI Commands quality-config command should create .smite directory if it does not exist","status":"passed","title":"should create .smite directory if it does not exist","duration":0.3088000000000193,"failureMessages":[],"meta":{}},{"ancestorTitles":["CLI Commands","quality-config command"],"fullName":"CLI Commands quality-config command should not overwrite existing configuration","status":"passed","title":"should not overwrite existing configuration","duration":0.30600000000004,"failureMessages":[],"meta":{}},{"ancestorTitles":["CLI Commands","quality-config command"],"fullName":"CLI Commands quality-config command should show current configuration with --show","status":"passed","title":"should show current configuration with --show","duration":0.2807000000000244,"failureMessages":[],"meta":{}},{"ancestorTitles":["CLI Commands","quality-config command"],"fullName":"CLI Commands quality-config command should support JSON output format","status":"passed","title":"should support JSON output format","duration":0.31790000000000873,"failureMessages":[],"meta":{}},{"ancestorTitles":["CLI Commands","quality-config command"],"fullName":"CLI Commands quality-config command should support custom path with --path","status":"passed","title":"should support custom path with --path","duration":0.3211000000000013,"failureMessages":[],"meta":{}},{"ancestorTitles":["CLI Commands","error handling"],"fullName":"CLI Commands error handling should handle missing configuration gracefully","status":"passed","title":"should handle missing configuration gracefully","duration":0.44470000000001164,"failureMessages":[],"meta":{}},{"ancestorTitles":["CLI Commands","error handling"],"fullName":"CLI Commands error handling should handle invalid configuration with error message","status":"passed","title":"should handle invalid configuration with error message","duration":0.27979999999990923,"failureMessages":[],"meta":{}},{"ancestorTitles":["CLI Commands","error handling"],"fullName":"CLI Commands error handling should handle file read errors","status":"passed","title":"should handle file read errors","duration":0.3301999999999907,"failureMessages":[],"meta":{}},{"ancestorTitles":["CLI Commands","error handling"],"fullName":"CLI Commands error handling should handle git command failures","status":"passed","title":"should handle git command failures","duration":0.28359999999997854,"failureMessages":[],"meta":{}}],"startTime":1768837947508,"endTime":1768837947521.33,"status":"passed","message":"","name":"C:/Users/Yanis/Projects/smite/plugins/quality-gate/src/cli.test.ts"},{"assertionResults":[{"ancestorTitles":["E2E Tests","Complete Workflow: Production to Critique to Fix"],"fullName":"E2E Tests Complete Workflow: Production to Critique to Fix should detect issues, provide feedback, and allow corrected code","status":"failed","title":"should detect issues, provide feedback, and allow corrected code","duration":107.33089999999993,"failureMessages":["AssertionError: expected 'allow' to be 'deny' // Object.is equality\n    at C:\\Users\\Yanis\\Projects\\smite\\plugins\\quality-gate\\src\\e2e.test.ts:132:61\n    at processTicksAndRejections (node:internal/process/task_queues:103:5)\n    at file:///C:/Users/Yanis/Projects/smite/plugins/quality-gate/node_modules/@vitest/runner/dist/index.js:533:5\n    at runTest (file:///C:/Users/Yanis/Projects/smite/plugins/quality-gate/node_modules/@vitest/runner/dist/index.js:1056:11)\n    at runSuite (file:///C:/Users/Yanis/Projects/smite/plugins/quality-gate/node_modules/@vitest/runner/dist/index.js:1205:15)\n    at runSuite (file:///C:/Users/Yanis/Projects/smite/plugins/quality-gate/node_modules/@vitest/runner/dist/index.js:1205:15)\n    at runSuite (file:///C:/Users/Yanis/Projects/smite/plugins/quality-gate/node_modules/@vitest/runner/dist/index.js:1205:15)\n    at runFiles (file:///C:/Users/Yanis/Projects/smite/plugins/quality-gate/node_modules/@vitest/runner/dist/index.js:1262:5)\n    at startTests (file:///C:/Users/Yanis/Projects/smite/plugins/quality-gate/node_modules/@vitest/runner/dist/index.js:1271:3)\n    at file:///C:/Users/Yanis/Projects/smite/plugins/quality-gate/node_modules/vitest/dist/chunks/runBaseTests.3qpJUEJM.js:126:11"],"meta":{}},{"ancestorTitles":["E2E Tests","Complete Workflow: Production to Critique to Fix"],"fullName":"E2E Tests Complete Workflow: Production to Critique to Fix should handle iterative improvements","status":"failed","title":"should handle iterative improvements","duration":42.18249999999989,"failureMessages":["AssertionError: expected 'allow' to be 'deny' // Object.is equality\n    at C:\\Users\\Yanis\\Projects\\smite\\plugins\\quality-gate\\src\\e2e.test.ts:220:61\n    at processTicksAndRejections (node:internal/process/task_queues:103:5)\n    at file:///C:/Users/Yanis/Projects/smite/plugins/quality-gate/node_modules/@vitest/runner/dist/index.js:533:5\n    at runTest (file:///C:/Users/Yanis/Projects/smite/plugins/quality-gate/node_modules/@vitest/runner/dist/index.js:1056:11)\n    at runSuite (file:///C:/Users/Yanis/Projects/smite/plugins/quality-gate/node_modules/@vitest/runner/dist/index.js:1205:15)\n    at runSuite (file:///C:/Users/Yanis/Projects/smite/plugins/quality-gate/node_modules/@vitest/runner/dist/index.js:1205:15)\n    at runSuite (file:///C:/Users/Yanis/Projects/smite/plugins/quality-gate/node_modules/@vitest/runner/dist/index.js:1205:15)\n    at runFiles (file:///C:/Users/Yanis/Projects/smite/plugins/quality-gate/node_modules/@vitest/runner/dist/index.js:1262:5)\n    at startTests (file:///C:/Users/Yanis/Projects/smite/plugins/quality-gate/node_modules/@vitest/runner/dist/index.js:1271:3)\n    at file:///C:/Users/Yanis/Projects/smite/plugins/quality-gate/node_modules/vitest/dist/chunks/runBaseTests.3qpJUEJM.js:126:11"],"meta":{}},{"ancestorTitles":["E2E Tests","Real-World Scenarios"],"fullName":"E2E Tests Real-World Scenarios should validate Express API route","status":"failed","title":"should validate Express API route","duration":13.972899999999754,"failureMessages":["AssertionError: expected 'allow' to be 'deny' // Object.is equality\n    at C:\\Users\\Yanis\\Projects\\smite\\plugins\\quality-gate\\src\\e2e.test.ts:285:60\n    at processTicksAndRejections (node:internal/process/task_queues:103:5)\n    at file:///C:/Users/Yanis/Projects/smite/plugins/quality-gate/node_modules/@vitest/runner/dist/index.js:533:5\n    at runTest (file:///C:/Users/Yanis/Projects/smite/plugins/quality-gate/node_modules/@vitest/runner/dist/index.js:1056:11)\n    at runSuite (file:///C:/Users/Yanis/Projects/smite/plugins/quality-gate/node_modules/@vitest/runner/dist/index.js:1205:15)\n    at runSuite (file:///C:/Users/Yanis/Projects/smite/plugins/quality-gate/node_modules/@vitest/runner/dist/index.js:1205:15)\n    at runSuite (file:///C:/Users/Yanis/Projects/smite/plugins/quality-gate/node_modules/@vitest/runner/dist/index.js:1205:15)\n    at runFiles (file:///C:/Users/Yanis/Projects/smite/plugins/quality-gate/node_modules/@vitest/runner/dist/index.js:1262:5)\n    at startTests (file:///C:/Users/Yanis/Projects/smite/plugins/quality-gate/node_modules/@vitest/runner/dist/index.js:1271:3)\n    at file:///C:/Users/Yanis/Projects/smite/plugins/quality-gate/node_modules/vitest/dist/chunks/runBaseTests.3qpJUEJM.js:126:11"],"meta":{}},{"ancestorTitles":["E2E Tests","Real-World Scenarios"],"fullName":"E2E Tests Real-World Scenarios should validate React component","status":"failed","title":"should validate React component","duration":16.20550000000003,"failureMessages":["AssertionError: expected 'allow' to be 'deny' // Object.is equality\n    at C:\\Users\\Yanis\\Projects\\smite\\plugins\\quality-gate\\src\\e2e.test.ts:326:60\n    at processTicksAndRejections (node:internal/process/task_queues:103:5)\n    at file:///C:/Users/Yanis/Projects/smite/plugins/quality-gate/node_modules/@vitest/runner/dist/index.js:533:5\n    at runTest (file:///C:/Users/Yanis/Projects/smite/plugins/quality-gate/node_modules/@vitest/runner/dist/index.js:1056:11)\n    at runSuite (file:///C:/Users/Yanis/Projects/smite/plugins/quality-gate/node_modules/@vitest/runner/dist/index.js:1205:15)\n    at runSuite (file:///C:/Users/Yanis/Projects/smite/plugins/quality-gate/node_modules/@vitest/runner/dist/index.js:1205:15)\n    at runSuite (file:///C:/Users/Yanis/Projects/smite/plugins/quality-gate/node_modules/@vitest/runner/dist/index.js:1205:15)\n    at runFiles (file:///C:/Users/Yanis/Projects/smite/plugins/quality-gate/node_modules/@vitest/runner/dist/index.js:1262:5)\n    at startTests (file:///C:/Users/Yanis/Projects/smite/plugins/quality-gate/node_modules/@vitest/runner/dist/index.js:1271:3)\n    at file:///C:/Users/Yanis/Projects/smite/plugins/quality-gate/node_modules/vitest/dist/chunks/runBaseTests.3qpJUEJM.js:126:11"],"meta":{}},{"ancestorTitles":["E2E Tests","Real-World Scenarios"],"fullName":"E2E Tests Real-World Scenarios should validate utility library","status":"failed","title":"should validate utility library","duration":16.627599999999802,"failureMessages":["AssertionError: expected 'allow' to be 'deny' // Object.is equality\n    at C:\\Users\\Yanis\\Projects\\smite\\plugins\\quality-gate\\src\\e2e.test.ts:365:60\n    at processTicksAndRejections (node:internal/process/task_queues:103:5)\n    at file:///C:/Users/Yanis/Projects/smite/plugins/quality-gate/node_modules/@vitest/runner/dist/index.js:533:5\n    at runTest (file:///C:/Users/Yanis/Projects/smite/plugins/quality-gate/node_modules/@vitest/runner/dist/index.js:1056:11)\n    at runSuite (file:///C:/Users/Yanis/Projects/smite/plugins/quality-gate/node_modules/@vitest/runner/dist/index.js:1205:15)\n    at runSuite (file:///C:/Users/Yanis/Projects/smite/plugins/quality-gate/node_modules/@vitest/runner/dist/index.js:1205:15)\n    at runSuite (file:///C:/Users/Yanis/Projects/smite/plugins/quality-gate/node_modules/@vitest/runner/dist/index.js:1205:15)\n    at runFiles (file:///C:/Users/Yanis/Projects/smite/plugins/quality-gate/node_modules/@vitest/runner/dist/index.js:1262:5)\n    at startTests (file:///C:/Users/Yanis/Projects/smite/plugins/quality-gate/node_modules/@vitest/runner/dist/index.js:1271:3)\n    at file:///C:/Users/Yanis/Projects/smite/plugins/quality-gate/node_modules/vitest/dist/chunks/runBaseTests.3qpJUEJM.js:126:11"],"meta":{}},{"ancestorTitles":["E2E Tests","Performance with Real Codebases"],"fullName":"E2E Tests Performance with Real Codebases should handle multiple files efficiently","status":"passed","title":"should handle multiple files efficiently","duration":18.6904999999997,"failureMessages":[],"meta":{}},{"ancestorTitles":["E2E Tests","Performance with Real Codebases"],"fullName":"E2E Tests Performance with Real Codebases should handle large file","status":"passed","title":"should handle large file","duration":27.052400000000034,"failureMessages":[],"meta":{}},{"ancestorTitles":["E2E Tests","Edge Cases and Corner Cases"],"fullName":"E2E Tests Edge Cases and Corner Cases should handle TypeScript with all type features","status":"passed","title":"should handle TypeScript with all type features","duration":18.409900000000107,"failureMessages":[],"meta":{}},{"ancestorTitles":["E2E Tests","Edge Cases and Corner Cases"],"fullName":"E2E Tests Edge Cases and Corner Cases should handle decorators and experimental features","status":"passed","title":"should handle decorators and experimental features","duration":24.694100000000162,"failureMessages":[],"meta":{}}],"startTime":1768837949532,"endTime":1768837949819.694,"status":"failed","message":"","name":"C:/Users/Yanis/Projects/smite/plugins/quality-gate/src/e2e.test.ts"},{"assertionResults":[{"ancestorTitles":["Integration Tests","Complete Validation Pipeline"],"fullName":"Integration Tests Complete Validation Pipeline should run full validation pipeline on clean code","status":"failed","title":"should run full validation pipeline on clean code","duration":13.404999999999745,"failureMessages":["Error: ENOENT: no such file or directory, open 'C:\\Users\\Yanis\\AppData\\Local\\Temp\\quality-gate-test-KK75Y6\\.smite\\quality.json'\n    at Proxy.writeFileSync (node:fs:2415:20)\n    at C:\\Users\\Yanis\\Projects\\smite\\plugins\\quality-gate\\src\\integration.test.ts:76:8\n    at file:///C:/Users/Yanis/Projects/smite/plugins/quality-gate/node_modules/@vitest/runner/dist/index.js:146:14\n    at runWithTimeout (file:///C:/Users/Yanis/Projects/smite/plugins/quality-gate/node_modules/@vitest/runner/dist/index.js:39:7)\n    at callSuiteHook (file:///C:/Users/Yanis/Projects/smite/plugins/quality-gate/node_modules/@vitest/runner/dist/index.js:964:28)\n    at processTicksAndRejections (node:internal/process/task_queues:103:5)\n    at callSuiteHook (file:///C:/Users/Yanis/Projects/smite/plugins/quality-gate/node_modules/@vitest/runner/dist/index.js:953:10)\n    at runTest (file:///C:/Users/Yanis/Projects/smite/plugins/quality-gate/node_modules/@vitest/runner/dist/index.js:1040:30)\n    at runSuite (file:///C:/Users/Yanis/Projects/smite/plugins/quality-gate/node_modules/@vitest/runner/dist/index.js:1205:15)\n    at runSuite (file:///C:/Users/Yanis/Projects/smite/plugins/quality-gate/node_modules/@vitest/runner/dist/index.js:1205:15)"],"meta":{}},{"ancestorTitles":["Integration Tests","Complete Validation Pipeline"],"fullName":"Integration Tests Complete Validation Pipeline should detect complexity issues","status":"failed","title":"should detect complexity issues","duration":1.9373000000000502,"failureMessages":["Error: ENOENT: no such file or directory, open 'C:\\Users\\Yanis\\AppData\\Local\\Temp\\quality-gate-test-HSys2w\\.smite\\quality.json'\n    at Proxy.writeFileSync (node:fs:2415:20)\n    at C:\\Users\\Yanis\\Projects\\smite\\plugins\\quality-gate\\src\\integration.test.ts:76:8\n    at file:///C:/Users/Yanis/Projects/smite/plugins/quality-gate/node_modules/@vitest/runner/dist/index.js:146:14\n    at runWithTimeout (file:///C:/Users/Yanis/Projects/smite/plugins/quality-gate/node_modules/@vitest/runner/dist/index.js:39:7)\n    at callSuiteHook (file:///C:/Users/Yanis/Projects/smite/plugins/quality-gate/node_modules/@vitest/runner/dist/index.js:964:28)\n    at processTicksAndRejections (node:internal/process/task_queues:103:5)\n    at callSuiteHook (file:///C:/Users/Yanis/Projects/smite/plugins/quality-gate/node_modules/@vitest/runner/dist/index.js:953:10)\n    at runTest (file:///C:/Users/Yanis/Projects/smite/plugins/quality-gate/node_modules/@vitest/runner/dist/index.js:1040:30)\n    at runSuite (file:///C:/Users/Yanis/Projects/smite/plugins/quality-gate/node_modules/@vitest/runner/dist/index.js:1205:15)\n    at runSuite (file:///C:/Users/Yanis/Projects/smite/plugins/quality-gate/node_modules/@vitest/runner/dist/index.js:1205:15)"],"meta":{}},{"ancestorTitles":["Integration Tests","Complete Validation Pipeline"],"fullName":"Integration Tests Complete Validation Pipeline should detect security vulnerabilities","status":"failed","title":"should detect security vulnerabilities","duration":2.5461999999997715,"failureMessages":["Error: ENOENT: no such file or directory, open 'C:\\Users\\Yanis\\AppData\\Local\\Temp\\quality-gate-test-VsLwMg\\.smite\\quality.json'\n    at Proxy.writeFileSync (node:fs:2415:20)\n    at C:\\Users\\Yanis\\Projects\\smite\\plugins\\quality-gate\\src\\integration.test.ts:76:8\n    at file:///C:/Users/Yanis/Projects/smite/plugins/quality-gate/node_modules/@vitest/runner/dist/index.js:146:14\n    at runWithTimeout (file:///C:/Users/Yanis/Projects/smite/plugins/quality-gate/node_modules/@vitest/runner/dist/index.js:39:7)\n    at callSuiteHook (file:///C:/Users/Yanis/Projects/smite/plugins/quality-gate/node_modules/@vitest/runner/dist/index.js:964:28)\n    at processTicksAndRejections (node:internal/process/task_queues:103:5)\n    at callSuiteHook (file:///C:/Users/Yanis/Projects/smite/plugins/quality-gate/node_modules/@vitest/runner/dist/index.js:953:10)\n    at runTest (file:///C:/Users/Yanis/Projects/smite/plugins/quality-gate/node_modules/@vitest/runner/dist/index.js:1040:30)\n    at runSuite (file:///C:/Users/Yanis/Projects/smite/plugins/quality-gate/node_modules/@vitest/runner/dist/index.js:1205:15)\n    at runSuite (file:///C:/Users/Yanis/Projects/smite/plugins/quality-gate/node_modules/@vitest/runner/dist/index.js:1205:15)"],"meta":{}},{"ancestorTitles":["Integration Tests","Complete Validation Pipeline"],"fullName":"Integration Tests Complete Validation Pipeline should detect semantic issues","status":"failed","title":"should detect semantic issues","duration":2.5648000000001048,"failureMessages":["Error: ENOENT: no such file or directory, open 'C:\\Users\\Yanis\\AppData\\Local\\Temp\\quality-gate-test-A33w02\\.smite\\quality.json'\n    at Proxy.writeFileSync (node:fs:2415:20)\n    at C:\\Users\\Yanis\\Projects\\smite\\plugins\\quality-gate\\src\\integration.test.ts:76:8\n    at file:///C:/Users/Yanis/Projects/smite/plugins/quality-gate/node_modules/@vitest/runner/dist/index.js:146:14\n    at runWithTimeout (file:///C:/Users/Yanis/Projects/smite/plugins/quality-gate/node_modules/@vitest/runner/dist/index.js:39:7)\n    at callSuiteHook (file:///C:/Users/Yanis/Projects/smite/plugins/quality-gate/node_modules/@vitest/runner/dist/index.js:964:28)\n    at processTicksAndRejections (node:internal/process/task_queues:103:5)\n    at callSuiteHook (file:///C:/Users/Yanis/Projects/smite/plugins/quality-gate/node_modules/@vitest/runner/dist/index.js:953:10)\n    at runTest (file:///C:/Users/Yanis/Projects/smite/plugins/quality-gate/node_modules/@vitest/runner/dist/index.js:1040:30)\n    at runSuite (file:///C:/Users/Yanis/Projects/smite/plugins/quality-gate/node_modules/@vitest/runner/dist/index.js:1205:15)\n    at runSuite (file:///C:/Users/Yanis/Projects/smite/plugins/quality-gate/node_modules/@vitest/runner/dist/index.js:1205:15)"],"meta":{}},{"ancestorTitles":["Integration Tests","Hook Scenarios"],"fullName":"Integration Tests Hook Scenarios should handle Write tool","status":"failed","title":"should handle Write tool","duration":2.859899999999925,"failureMessages":["Error: ENOENT: no such file or directory, open 'C:\\Users\\Yanis\\AppData\\Local\\Temp\\quality-gate-test-fP552u\\.smite\\quality.json'\n    at Proxy.writeFileSync (node:fs:2415:20)\n    at C:\\Users\\Yanis\\Projects\\smite\\plugins\\quality-gate\\src\\integration.test.ts:76:8\n    at file:///C:/Users/Yanis/Projects/smite/plugins/quality-gate/node_modules/@vitest/runner/dist/index.js:146:14\n    at runWithTimeout (file:///C:/Users/Yanis/Projects/smite/plugins/quality-gate/node_modules/@vitest/runner/dist/index.js:39:7)\n    at callSuiteHook (file:///C:/Users/Yanis/Projects/smite/plugins/quality-gate/node_modules/@vitest/runner/dist/index.js:964:28)\n    at processTicksAndRejections (node:internal/process/task_queues:103:5)\n    at callSuiteHook (file:///C:/Users/Yanis/Projects/smite/plugins/quality-gate/node_modules/@vitest/runner/dist/index.js:953:10)\n    at runTest (file:///C:/Users/Yanis/Projects/smite/plugins/quality-gate/node_modules/@vitest/runner/dist/index.js:1040:30)\n    at runSuite (file:///C:/Users/Yanis/Projects/smite/plugins/quality-gate/node_modules/@vitest/runner/dist/index.js:1205:15)\n    at runSuite (file:///C:/Users/Yanis/Projects/smite/plugins/quality-gate/node_modules/@vitest/runner/dist/index.js:1205:15)"],"meta":{}},{"ancestorTitles":["Integration Tests","Hook Scenarios"],"fullName":"Integration Tests Hook Scenarios should handle Edit tool","status":"failed","title":"should handle Edit tool","duration":3.7743000000000393,"failureMessages":["Error: ENOENT: no such file or directory, open 'C:\\Users\\Yanis\\AppData\\Local\\Temp\\quality-gate-test-HZxAY7\\.smite\\quality.json'\n    at Proxy.writeFileSync (node:fs:2415:20)\n    at C:\\Users\\Yanis\\Projects\\smite\\plugins\\quality-gate\\src\\integration.test.ts:76:8\n    at file:///C:/Users/Yanis/Projects/smite/plugins/quality-gate/node_modules/@vitest/runner/dist/index.js:146:14\n    at runWithTimeout (file:///C:/Users/Yanis/Projects/smite/plugins/quality-gate/node_modules/@vitest/runner/dist/index.js:39:7)\n    at callSuiteHook (file:///C:/Users/Yanis/Projects/smite/plugins/quality-gate/node_modules/@vitest/runner/dist/index.js:964:28)\n    at processTicksAndRejections (node:internal/process/task_queues:103:5)\n    at callSuiteHook (file:///C:/Users/Yanis/Projects/smite/plugins/quality-gate/node_modules/@vitest/runner/dist/index.js:953:10)\n    at runTest (file:///C:/Users/Yanis/Projects/smite/plugins/quality-gate/node_modules/@vitest/runner/dist/index.js:1040:30)\n    at runSuite (file:///C:/Users/Yanis/Projects/smite/plugins/quality-gate/node_modules/@vitest/runner/dist/index.js:1205:15)\n    at runSuite (file:///C:/Users/Yanis/Projects/smite/plugins/quality-gate/node_modules/@vitest/runner/dist/index.js:1205:15)"],"meta":{}},{"ancestorTitles":["Integration Tests","Hook Scenarios"],"fullName":"Integration Tests Hook Scenarios should respect file exclusion patterns","status":"failed","title":"should respect file exclusion patterns","duration":4.007299999999759,"failureMessages":["Error: ENOENT: no such file or directory, open 'C:\\Users\\Yanis\\AppData\\Local\\Temp\\quality-gate-test-Ncwji0\\.smite\\quality.json'\n    at Proxy.writeFileSync (node:fs:2415:20)\n    at C:\\Users\\Yanis\\Projects\\smite\\plugins\\quality-gate\\src\\integration.test.ts:76:8\n    at file:///C:/Users/Yanis/Projects/smite/plugins/quality-gate/node_modules/@vitest/runner/dist/index.js:146:14\n    at runWithTimeout (file:///C:/Users/Yanis/Projects/smite/plugins/quality-gate/node_modules/@vitest/runner/dist/index.js:39:7)\n    at callSuiteHook (file:///C:/Users/Yanis/Projects/smite/plugins/quality-gate/node_modules/@vitest/runner/dist/index.js:964:28)\n    at processTicksAndRejections (node:internal/process/task_queues:103:5)\n    at callSuiteHook (file:///C:/Users/Yanis/Projects/smite/plugins/quality-gate/node_modules/@vitest/runner/dist/index.js:953:10)\n    at runTest (file:///C:/Users/Yanis/Projects/smite/plugins/quality-gate/node_modules/@vitest/runner/dist/index.js:1040:30)\n    at runSuite (file:///C:/Users/Yanis/Projects/smite/plugins/quality-gate/node_modules/@vitest/runner/dist/index.js:1205:15)\n    at runSuite (file:///C:/Users/Yanis/Projects/smite/plugins/quality-gate/node_modules/@vitest/runner/dist/index.js:1205:15)"],"meta":{}},{"ancestorTitles":["Integration Tests","Configuration Override"],"fullName":"Integration Tests Configuration Override should apply per-file overrides","status":"failed","title":"should apply per-file overrides","duration":5.466499999999996,"failureMessages":["Error: ENOENT: no such file or directory, open 'C:\\Users\\Yanis\\AppData\\Local\\Temp\\quality-gate-test-3GgmlJ\\.smite\\quality.json'\n    at Proxy.writeFileSync (node:fs:2415:20)\n    at C:\\Users\\Yanis\\Projects\\smite\\plugins\\quality-gate\\src\\integration.test.ts:76:8\n    at file:///C:/Users/Yanis/Projects/smite/plugins/quality-gate/node_modules/@vitest/runner/dist/index.js:146:14\n    at runWithTimeout (file:///C:/Users/Yanis/Projects/smite/plugins/quality-gate/node_modules/@vitest/runner/dist/index.js:39:7)\n    at callSuiteHook (file:///C:/Users/Yanis/Projects/smite/plugins/quality-gate/node_modules/@vitest/runner/dist/index.js:964:28)\n    at processTicksAndRejections (node:internal/process/task_queues:103:5)\n    at callSuiteHook (file:///C:/Users/Yanis/Projects/smite/plugins/quality-gate/node_modules/@vitest/runner/dist/index.js:953:10)\n    at runTest (file:///C:/Users/Yanis/Projects/smite/plugins/quality-gate/node_modules/@vitest/runner/dist/index.js:1040:30)\n    at runSuite (file:///C:/Users/Yanis/Projects/smite/plugins/quality-gate/node_modules/@vitest/runner/dist/index.js:1205:15)\n    at runSuite (file:///C:/Users/Yanis/Projects/smite/plugins/quality-gate/node_modules/@vitest/runner/dist/index.js:1205:15)"],"meta":{}},{"ancestorTitles":["Integration Tests","Retry Logic"],"fullName":"Integration Tests Retry Logic should track retry state across attempts","status":"failed","title":"should track retry state across attempts","duration":3.264900000000125,"failureMessages":["Error: ENOENT: no such file or directory, open 'C:\\Users\\Yanis\\AppData\\Local\\Temp\\quality-gate-test-axEs25\\.smite\\quality.json'\n    at Proxy.writeFileSync (node:fs:2415:20)\n    at C:\\Users\\Yanis\\Projects\\smite\\plugins\\quality-gate\\src\\integration.test.ts:76:8\n    at file:///C:/Users/Yanis/Projects/smite/plugins/quality-gate/node_modules/@vitest/runner/dist/index.js:146:14\n    at runWithTimeout (file:///C:/Users/Yanis/Projects/smite/plugins/quality-gate/node_modules/@vitest/runner/dist/index.js:39:7)\n    at callSuiteHook (file:///C:/Users/Yanis/Projects/smite/plugins/quality-gate/node_modules/@vitest/runner/dist/index.js:964:28)\n    at processTicksAndRejections (node:internal/process/task_queues:103:5)\n    at callSuiteHook (file:///C:/Users/Yanis/Projects/smite/plugins/quality-gate/node_modules/@vitest/runner/dist/index.js:953:10)\n    at runTest (file:///C:/Users/Yanis/Projects/smite/plugins/quality-gate/node_modules/@vitest/runner/dist/index.js:1040:30)\n    at runSuite (file:///C:/Users/Yanis/Projects/smite/plugins/quality-gate/node_modules/@vitest/runner/dist/index.js:1205:15)\n    at runSuite (file:///C:/Users/Yanis/Projects/smite/plugins/quality-gate/node_modules/@vitest/runner/dist/index.js:1205:15)"],"meta":{}},{"ancestorTitles":["Integration Tests","Retry Logic"],"fullName":"Integration Tests Retry Logic should allow after max retries reached","status":"failed","title":"should allow after max retries reached","duration":2.1846999999997934,"failureMessages":["Error: ENOENT: no such file or directory, open 'C:\\Users\\Yanis\\AppData\\Local\\Temp\\quality-gate-test-c3YZma\\.smite\\quality.json'\n    at Proxy.writeFileSync (node:fs:2415:20)\n    at C:\\Users\\Yanis\\Projects\\smite\\plugins\\quality-gate\\src\\integration.test.ts:76:8\n    at file:///C:/Users/Yanis/Projects/smite/plugins/quality-gate/node_modules/@vitest/runner/dist/index.js:146:14\n    at runWithTimeout (file:///C:/Users/Yanis/Projects/smite/plugins/quality-gate/node_modules/@vitest/runner/dist/index.js:39:7)\n    at callSuiteHook (file:///C:/Users/Yanis/Projects/smite/plugins/quality-gate/node_modules/@vitest/runner/dist/index.js:964:28)\n    at processTicksAndRejections (node:internal/process/task_queues:103:5)\n    at callSuiteHook (file:///C:/Users/Yanis/Projects/smite/plugins/quality-gate/node_modules/@vitest/runner/dist/index.js:953:10)\n    at runTest (file:///C:/Users/Yanis/Projects/smite/plugins/quality-gate/node_modules/@vitest/runner/dist/index.js:1040:30)\n    at runSuite (file:///C:/Users/Yanis/Projects/smite/plugins/quality-gate/node_modules/@vitest/runner/dist/index.js:1205:15)\n    at runSuite (file:///C:/Users/Yanis/Projects/smite/plugins/quality-gate/node_modules/@vitest/runner/dist/index.js:1205:15)"],"meta":{}},{"ancestorTitles":["Integration Tests","Error Handling"],"fullName":"Integration Tests Error Handling should handle syntax errors gracefully","status":"failed","title":"should handle syntax errors gracefully","duration":1.787499999999909,"failureMessages":["Error: ENOENT: no such file or directory, open 'C:\\Users\\Yanis\\AppData\\Local\\Temp\\quality-gate-test-mGTlkq\\.smite\\quality.json'\n    at Proxy.writeFileSync (node:fs:2415:20)\n    at C:\\Users\\Yanis\\Projects\\smite\\plugins\\quality-gate\\src\\integration.test.ts:76:8\n    at file:///C:/Users/Yanis/Projects/smite/plugins/quality-gate/node_modules/@vitest/runner/dist/index.js:146:14\n    at runWithTimeout (file:///C:/Users/Yanis/Projects/smite/plugins/quality-gate/node_modules/@vitest/runner/dist/index.js:39:7)\n    at callSuiteHook (file:///C:/Users/Yanis/Projects/smite/plugins/quality-gate/node_modules/@vitest/runner/dist/index.js:964:28)\n    at processTicksAndRejections (node:internal/process/task_queues:103:5)\n    at callSuiteHook (file:///C:/Users/Yanis/Projects/smite/plugins/quality-gate/node_modules/@vitest/runner/dist/index.js:953:10)\n    at runTest (file:///C:/Users/Yanis/Projects/smite/plugins/quality-gate/node_modules/@vitest/runner/dist/index.js:1040:30)\n    at runSuite (file:///C:/Users/Yanis/Projects/smite/plugins/quality-gate/node_modules/@vitest/runner/dist/index.js:1205:15)\n    at runSuite (file:///C:/Users/Yanis/Projects/smite/plugins/quality-gate/node_modules/@vitest/runner/dist/index.js:1205:15)"],"meta":{}},{"ancestorTitles":["Integration Tests","Error Handling"],"fullName":"Integration Tests Error Handling should handle empty files","status":"failed","title":"should handle empty files","duration":2.292699999999968,"failureMessages":["Error: ENOENT: no such file or directory, open 'C:\\Users\\Yanis\\AppData\\Local\\Temp\\quality-gate-test-G08cVc\\.smite\\quality.json'\n    at Proxy.writeFileSync (node:fs:2415:20)\n    at C:\\Users\\Yanis\\Projects\\smite\\plugins\\quality-gate\\src\\integration.test.ts:76:8\n    at file:///C:/Users/Yanis/Projects/smite/plugins/quality-gate/node_modules/@vitest/runner/dist/index.js:146:14\n    at runWithTimeout (file:///C:/Users/Yanis/Projects/smite/plugins/quality-gate/node_modules/@vitest/runner/dist/index.js:39:7)\n    at callSuiteHook (file:///C:/Users/Yanis/Projects/smite/plugins/quality-gate/node_modules/@vitest/runner/dist/index.js:964:28)\n    at processTicksAndRejections (node:internal/process/task_queues:103:5)\n    at callSuiteHook (file:///C:/Users/Yanis/Projects/smite/plugins/quality-gate/node_modules/@vitest/runner/dist/index.js:953:10)\n    at runTest (file:///C:/Users/Yanis/Projects/smite/plugins/quality-gate/node_modules/@vitest/runner/dist/index.js:1040:30)\n    at runSuite (file:///C:/Users/Yanis/Projects/smite/plugins/quality-gate/node_modules/@vitest/runner/dist/index.js:1205:15)\n    at runSuite (file:///C:/Users/Yanis/Projects/smite/plugins/quality-gate/node_modules/@vitest/runner/dist/index.js:1205:15)"],"meta":{}},{"ancestorTitles":["Integration Tests","Disabled Quality Gate"],"fullName":"Integration Tests Disabled Quality Gate should allow all changes when disabled","status":"failed","title":"should allow all changes when disabled","duration":2.002899999999954,"failureMessages":["Error: ENOENT: no such file or directory, open 'C:\\Users\\Yanis\\AppData\\Local\\Temp\\quality-gate-test-i5QGxF\\.smite\\quality.json'\n    at Proxy.writeFileSync (node:fs:2415:20)\n    at C:\\Users\\Yanis\\Projects\\smite\\plugins\\quality-gate\\src\\integration.test.ts:76:8\n    at file:///C:/Users/Yanis/Projects/smite/plugins/quality-gate/node_modules/@vitest/runner/dist/index.js:146:14\n    at runWithTimeout (file:///C:/Users/Yanis/Projects/smite/plugins/quality-gate/node_modules/@vitest/runner/dist/index.js:39:7)\n    at callSuiteHook (file:///C:/Users/Yanis/Projects/smite/plugins/quality-gate/node_modules/@vitest/runner/dist/index.js:964:28)\n    at processTicksAndRejections (node:internal/process/task_queues:103:5)\n    at callSuiteHook (file:///C:/Users/Yanis/Projects/smite/plugins/quality-gate/node_modules/@vitest/runner/dist/index.js:953:10)\n    at runTest (file:///C:/Users/Yanis/Projects/smite/plugins/quality-gate/node_modules/@vitest/runner/dist/index.js:1040:30)\n    at runSuite (file:///C:/Users/Yanis/Projects/smite/plugins/quality-gate/node_modules/@vitest/runner/dist/index.js:1205:15)\n    at runSuite (file:///C:/Users/Yanis/Projects/smite/plugins/quality-gate/node_modules/@vitest/runner/dist/index.js:1205:15)"],"meta":{}}],"startTime":1768837949533,"endTime":1768837949583.003,"status":"failed","message":"","name":"C:/Users/Yanis/Projects/smite/plugins/quality-gate/src/integration.test.ts"},{"assertionResults":[{"ancestorTitles":["TypeScriptParser","parseCode"],"fullName":"TypeScriptParser parseCode should parse valid TypeScript code","status":"passed","title":"should parse valid TypeScript code","duration":20.713400000000092,"failureMessages":[],"meta":{}},{"ancestorTitles":["TypeScriptParser","parseCode"],"fullName":"TypeScriptParser parseCode should return null for invalid syntax","status":"passed","title":"should return null for invalid syntax","duration":2.281600000000026,"failureMessages":[],"meta":{}},{"ancestorTitles":["TypeScriptParser","parseCode"],"fullName":"TypeScriptParser parseCode should handle empty files","status":"passed","title":"should handle empty files","duration":1.0072999999999865,"failureMessages":[],"meta":{}},{"ancestorTitles":["TypeScriptParser","parseCode"],"fullName":"TypeScriptParser parseCode should parse JavaScript files","status":"passed","title":"should parse JavaScript files","duration":1.3009999999999309,"failureMessages":[],"meta":{}},{"ancestorTitles":["TypeScriptParser","parseCode"],"fullName":"TypeScriptParser parseCode should set parent nodes","status":"passed","title":"should set parent nodes","duration":6.990700000000061,"failureMessages":[],"meta":{}},{"ancestorTitles":["TypeScriptParser","extractFunctions"],"fullName":"TypeScriptParser extractFunctions should extract function declarations","status":"failed","title":"should extract function declarations","duration":72.34500000000003,"failureMessages":["TypeError: Cannot read properties of undefined (reading 'text')\n    at IdentifierObject.getText (C:\\Users\\Yanis\\Projects\\smite\\plugins\\quality-gate\\node_modules\\typescript\\lib\\typescript.js:151993:23)\n    at TypeScriptParser.analyzeFunction (C:\\Users\\Yanis\\Projects\\smite\\plugins\\quality-gate\\src\\parser.ts:118:25)\n    at C:\\Users\\Yanis\\Projects\\smite\\plugins\\quality-gate\\src\\parser.ts:99:27\n    at visit (C:\\Users\\Yanis\\Projects\\smite\\plugins\\quality-gate\\src\\parser.ts:80:7)\n    at visitNodes (C:\\Users\\Yanis\\Projects\\smite\\plugins\\quality-gate\\node_modules\\typescript\\lib\\typescript.js:32457:22)\n    at forEachChildInSourceFile (C:\\Users\\Yanis\\Projects\\smite\\plugins\\quality-gate\\node_modules\\typescript\\lib\\typescript.js:32670:12)\n    at Proxy.forEachChild (C:\\Users\\Yanis\\Projects\\smite\\plugins\\quality-gate\\node_modules\\typescript\\lib\\typescript.js:32970:35)\n    at visit (C:\\Users\\Yanis\\Projects\\smite\\plugins\\quality-gate\\src\\parser.ts:81:10)\n    at TypeScriptParser.traverseAST (C:\\Users\\Yanis\\Projects\\smite\\plugins\\quality-gate\\src\\parser.ts:83:5)\n    at TypeScriptParser.extractFunctions (C:\\Users\\Yanis\\Projects\\smite\\plugins\\quality-gate\\src\\parser.ts:92:10)"],"meta":{}},{"ancestorTitles":["TypeScriptParser","extractFunctions"],"fullName":"TypeScriptParser extractFunctions should extract arrow functions","status":"passed","title":"should extract arrow functions","duration":10.267399999999952,"failureMessages":[],"meta":{}},{"ancestorTitles":["TypeScriptParser","extractFunctions"],"fullName":"TypeScriptParser extractFunctions should extract method declarations","status":"failed","title":"should extract method declarations","duration":3.935799999999972,"failureMessages":["TypeError: Cannot read properties of undefined (reading 'text')\n    at IdentifierObject.getText (C:\\Users\\Yanis\\Projects\\smite\\plugins\\quality-gate\\node_modules\\typescript\\lib\\typescript.js:151993:23)\n    at TypeScriptParser.analyzeFunction (C:\\Users\\Yanis\\Projects\\smite\\plugins\\quality-gate\\src\\parser.ts:118:25)\n    at C:\\Users\\Yanis\\Projects\\smite\\plugins\\quality-gate\\src\\parser.ts:99:27\n    at visit (C:\\Users\\Yanis\\Projects\\smite\\plugins\\quality-gate\\src\\parser.ts:80:7)\n    at visitNodes (C:\\Users\\Yanis\\Projects\\smite\\plugins\\quality-gate\\node_modules\\typescript\\lib\\typescript.js:32457:22)\n    at forEachChildInClassDeclarationOrExpression (C:\\Users\\Yanis\\Projects\\smite\\plugins\\quality-gate\\node_modules\\typescript\\lib\\typescript.js:32933:195)\n    at Proxy.forEachChild (C:\\Users\\Yanis\\Projects\\smite\\plugins\\quality-gate\\node_modules\\typescript\\lib\\typescript.js:32970:35)\n    at visit (C:\\Users\\Yanis\\Projects\\smite\\plugins\\quality-gate\\src\\parser.ts:81:10)\n    at visitNodes (C:\\Users\\Yanis\\Projects\\smite\\plugins\\quality-gate\\node_modules\\typescript\\lib\\typescript.js:32457:22)\n    at forEachChildInSourceFile (C:\\Users\\Yanis\\Projects\\smite\\plugins\\quality-gate\\node_modules\\typescript\\lib\\typescript.js:32670:12)"],"meta":{}},{"ancestorTitles":["TypeScriptParser","extractFunctions"],"fullName":"TypeScriptParser extractFunctions should extract function expressions","status":"passed","title":"should extract function expressions","duration":2.272699999999986,"failureMessages":[],"meta":{}},{"ancestorTitles":["TypeScriptParser","extractFunctions"],"fullName":"TypeScriptParser extractFunctions should extract multiple functions","status":"failed","title":"should extract multiple functions","duration":2.200900000000047,"failureMessages":["TypeError: Cannot read properties of undefined (reading 'text')\n    at IdentifierObject.getText (C:\\Users\\Yanis\\Projects\\smite\\plugins\\quality-gate\\node_modules\\typescript\\lib\\typescript.js:151993:23)\n    at TypeScriptParser.analyzeFunction (C:\\Users\\Yanis\\Projects\\smite\\plugins\\quality-gate\\src\\parser.ts:118:25)\n    at C:\\Users\\Yanis\\Projects\\smite\\plugins\\quality-gate\\src\\parser.ts:99:27\n    at visit (C:\\Users\\Yanis\\Projects\\smite\\plugins\\quality-gate\\src\\parser.ts:80:7)\n    at visitNodes (C:\\Users\\Yanis\\Projects\\smite\\plugins\\quality-gate\\node_modules\\typescript\\lib\\typescript.js:32457:22)\n    at forEachChildInSourceFile (C:\\Users\\Yanis\\Projects\\smite\\plugins\\quality-gate\\node_modules\\typescript\\lib\\typescript.js:32670:12)\n    at Proxy.forEachChild (C:\\Users\\Yanis\\Projects\\smite\\plugins\\quality-gate\\node_modules\\typescript\\lib\\typescript.js:32970:35)\n    at visit (C:\\Users\\Yanis\\Projects\\smite\\plugins\\quality-gate\\src\\parser.ts:81:10)\n    at TypeScriptParser.traverseAST (C:\\Users\\Yanis\\Projects\\smite\\plugins\\quality-gate\\src\\parser.ts:83:5)\n    at TypeScriptParser.extractFunctions (C:\\Users\\Yanis\\Projects\\smite\\plugins\\quality-gate\\src\\parser.ts:92:10)"],"meta":{}},{"ancestorTitles":["TypeScriptParser","extractFunctions"],"fullName":"TypeScriptParser extractFunctions should extract nested functions","status":"failed","title":"should extract nested functions","duration":1.7799999999999727,"failureMessages":["TypeError: Cannot read properties of undefined (reading 'text')\n    at IdentifierObject.getText (C:\\Users\\Yanis\\Projects\\smite\\plugins\\quality-gate\\node_modules\\typescript\\lib\\typescript.js:151993:23)\n    at TypeScriptParser.analyzeFunction (C:\\Users\\Yanis\\Projects\\smite\\plugins\\quality-gate\\src\\parser.ts:118:25)\n    at C:\\Users\\Yanis\\Projects\\smite\\plugins\\quality-gate\\src\\parser.ts:99:27\n    at visit (C:\\Users\\Yanis\\Projects\\smite\\plugins\\quality-gate\\src\\parser.ts:80:7)\n    at visitNodes (C:\\Users\\Yanis\\Projects\\smite\\plugins\\quality-gate\\node_modules\\typescript\\lib\\typescript.js:32457:22)\n    at forEachChildInSourceFile (C:\\Users\\Yanis\\Projects\\smite\\plugins\\quality-gate\\node_modules\\typescript\\lib\\typescript.js:32670:12)\n    at Proxy.forEachChild (C:\\Users\\Yanis\\Projects\\smite\\plugins\\quality-gate\\node_modules\\typescript\\lib\\typescript.js:32970:35)\n    at visit (C:\\Users\\Yanis\\Projects\\smite\\plugins\\quality-gate\\src\\parser.ts:81:10)\n    at TypeScriptParser.traverseAST (C:\\Users\\Yanis\\Projects\\smite\\plugins\\quality-gate\\src\\parser.ts:83:5)\n    at TypeScriptParser.extractFunctions (C:\\Users\\Yanis\\Projects\\smite\\plugins\\quality-gate\\src\\parser.ts:92:10)"],"meta":{}},{"ancestorTitles":["TypeScriptParser","Function Metrics"],"fullName":"TypeScriptParser Function Metrics should calculate function length correctly","status":"failed","title":"should calculate function length correctly","duration":3.0498999999999796,"failureMessages":["TypeError: Cannot read properties of undefined (reading 'text')\n    at IdentifierObject.getText (C:\\Users\\Yanis\\Projects\\smite\\plugins\\quality-gate\\node_modules\\typescript\\lib\\typescript.js:151993:23)\n    at TypeScriptParser.analyzeFunction (C:\\Users\\Yanis\\Projects\\smite\\plugins\\quality-gate\\src\\parser.ts:118:25)\n    at C:\\Users\\Yanis\\Projects\\smite\\plugins\\quality-gate\\src\\parser.ts:99:27\n    at visit (C:\\Users\\Yanis\\Projects\\smite\\plugins\\quality-gate\\src\\parser.ts:80:7)\n    at visitNodes (C:\\Users\\Yanis\\Projects\\smite\\plugins\\quality-gate\\node_modules\\typescript\\lib\\typescript.js:32457:22)\n    at forEachChildInSourceFile (C:\\Users\\Yanis\\Projects\\smite\\plugins\\quality-gate\\node_modules\\typescript\\lib\\typescript.js:32670:12)\n    at Proxy.forEachChild (C:\\Users\\Yanis\\Projects\\smite\\plugins\\quality-gate\\node_modules\\typescript\\lib\\typescript.js:32970:35)\n    at visit (C:\\Users\\Yanis\\Projects\\smite\\plugins\\quality-gate\\src\\parser.ts:81:10)\n    at TypeScriptParser.traverseAST (C:\\Users\\Yanis\\Projects\\smite\\plugins\\quality-gate\\src\\parser.ts:83:5)\n    at TypeScriptParser.extractFunctions (C:\\Users\\Yanis\\Projects\\smite\\plugins\\quality-gate\\src\\parser.ts:92:10)"],"meta":{}},{"ancestorTitles":["TypeScriptParser","Function Metrics"],"fullName":"TypeScriptParser Function Metrics should count parameters correctly","status":"failed","title":"should count parameters correctly","duration":2.3549000000000433,"failureMessages":["TypeError: Cannot read properties of undefined (reading 'text')\n    at IdentifierObject.getText (C:\\Users\\Yanis\\Projects\\smite\\plugins\\quality-gate\\node_modules\\typescript\\lib\\typescript.js:151993:23)\n    at TypeScriptParser.analyzeFunction (C:\\Users\\Yanis\\Projects\\smite\\plugins\\quality-gate\\src\\parser.ts:118:25)\n    at C:\\Users\\Yanis\\Projects\\smite\\plugins\\quality-gate\\src\\parser.ts:99:27\n    at visit (C:\\Users\\Yanis\\Projects\\smite\\plugins\\quality-gate\\src\\parser.ts:80:7)\n    at visitNodes (C:\\Users\\Yanis\\Projects\\smite\\plugins\\quality-gate\\node_modules\\typescript\\lib\\typescript.js:32457:22)\n    at forEachChildInSourceFile (C:\\Users\\Yanis\\Projects\\smite\\plugins\\quality-gate\\node_modules\\typescript\\lib\\typescript.js:32670:12)\n    at Proxy.forEachChild (C:\\Users\\Yanis\\Projects\\smite\\plugins\\quality-gate\\node_modules\\typescript\\lib\\typescript.js:32970:35)\n    at visit (C:\\Users\\Yanis\\Projects\\smite\\plugins\\quality-gate\\src\\parser.ts:81:10)\n    at TypeScriptParser.traverseAST (C:\\Users\\Yanis\\Projects\\smite\\plugins\\quality-gate\\src\\parser.ts:83:5)\n    at TypeScriptParser.extractFunctions (C:\\Users\\Yanis\\Projects\\smite\\plugins\\quality-gate\\src\\parser.ts:92:10)"],"meta":{}},{"ancestorTitles":["TypeScriptParser","Function Metrics"],"fullName":"TypeScriptParser Function Metrics should handle functions with no parameters","status":"failed","title":"should handle functions with no parameters","duration":1.0633000000000266,"failureMessages":["TypeError: Cannot read properties of undefined (reading 'text')\n    at IdentifierObject.getText (C:\\Users\\Yanis\\Projects\\smite\\plugins\\quality-gate\\node_modules\\typescript\\lib\\typescript.js:151993:23)\n    at TypeScriptParser.analyzeFunction (C:\\Users\\Yanis\\Projects\\smite\\plugins\\quality-gate\\src\\parser.ts:118:25)\n    at C:\\Users\\Yanis\\Projects\\smite\\plugins\\quality-gate\\src\\parser.ts:99:27\n    at visit (C:\\Users\\Yanis\\Projects\\smite\\plugins\\quality-gate\\src\\parser.ts:80:7)\n    at visitNodes (C:\\Users\\Yanis\\Projects\\smite\\plugins\\quality-gate\\node_modules\\typescript\\lib\\typescript.js:32457:22)\n    at forEachChildInSourceFile (C:\\Users\\Yanis\\Projects\\smite\\plugins\\quality-gate\\node_modules\\typescript\\lib\\typescript.js:32670:12)\n    at Proxy.forEachChild (C:\\Users\\Yanis\\Projects\\smite\\plugins\\quality-gate\\node_modules\\typescript\\lib\\typescript.js:32970:35)\n    at visit (C:\\Users\\Yanis\\Projects\\smite\\plugins\\quality-gate\\src\\parser.ts:81:10)\n    at TypeScriptParser.traverseAST (C:\\Users\\Yanis\\Projects\\smite\\plugins\\quality-gate\\src\\parser.ts:83:5)\n    at TypeScriptParser.extractFunctions (C:\\Users\\Yanis\\Projects\\smite\\plugins\\quality-gate\\src\\parser.ts:92:10)"],"meta":{}},{"ancestorTitles":["TypeScriptParser","Cyclomatic Complexity"],"fullName":"TypeScriptParser Cyclomatic Complexity should calculate complexity for simple function","status":"failed","title":"should calculate complexity for simple function","duration":1.7902999999998883,"failureMessages":["TypeError: Cannot read properties of undefined (reading 'text')\n    at IdentifierObject.getText (C:\\Users\\Yanis\\Projects\\smite\\plugins\\quality-gate\\node_modules\\typescript\\lib\\typescript.js:151993:23)\n    at TypeScriptParser.analyzeFunction (C:\\Users\\Yanis\\Projects\\smite\\plugins\\quality-gate\\src\\parser.ts:118:25)\n    at C:\\Users\\Yanis\\Projects\\smite\\plugins\\quality-gate\\src\\parser.ts:99:27\n    at visit (C:\\Users\\Yanis\\Projects\\smite\\plugins\\quality-gate\\src\\parser.ts:80:7)\n    at visitNodes (C:\\Users\\Yanis\\Projects\\smite\\plugins\\quality-gate\\node_modules\\typescript\\lib\\typescript.js:32457:22)\n    at forEachChildInSourceFile (C:\\Users\\Yanis\\Projects\\smite\\plugins\\quality-gate\\node_modules\\typescript\\lib\\typescript.js:32670:12)\n    at Proxy.forEachChild (C:\\Users\\Yanis\\Projects\\smite\\plugins\\quality-gate\\node_modules\\typescript\\lib\\typescript.js:32970:35)\n    at visit (C:\\Users\\Yanis\\Projects\\smite\\plugins\\quality-gate\\src\\parser.ts:81:10)\n    at TypeScriptParser.traverseAST (C:\\Users\\Yanis\\Projects\\smite\\plugins\\quality-gate\\src\\parser.ts:83:5)\n    at TypeScriptParser.extractFunctions (C:\\Users\\Yanis\\Projects\\smite\\plugins\\quality-gate\\src\\parser.ts:92:10)"],"meta":{}},{"ancestorTitles":["TypeScriptParser","Cyclomatic Complexity"],"fullName":"TypeScriptParser Cyclomatic Complexity should calculate complexity with if statement","status":"failed","title":"should calculate complexity with if statement","duration":1.8564000000001215,"failureMessages":["TypeError: Cannot read properties of undefined (reading 'text')\n    at IdentifierObject.getText (C:\\Users\\Yanis\\Projects\\smite\\plugins\\quality-gate\\node_modules\\typescript\\lib\\typescript.js:151993:23)\n    at TypeScriptParser.analyzeFunction (C:\\Users\\Yanis\\Projects\\smite\\plugins\\quality-gate\\src\\parser.ts:118:25)\n    at C:\\Users\\Yanis\\Projects\\smite\\plugins\\quality-gate\\src\\parser.ts:99:27\n    at visit (C:\\Users\\Yanis\\Projects\\smite\\plugins\\quality-gate\\src\\parser.ts:80:7)\n    at visitNodes (C:\\Users\\Yanis\\Projects\\smite\\plugins\\quality-gate\\node_modules\\typescript\\lib\\typescript.js:32457:22)\n    at forEachChildInSourceFile (C:\\Users\\Yanis\\Projects\\smite\\plugins\\quality-gate\\node_modules\\typescript\\lib\\typescript.js:32670:12)\n    at Proxy.forEachChild (C:\\Users\\Yanis\\Projects\\smite\\plugins\\quality-gate\\node_modules\\typescript\\lib\\typescript.js:32970:35)\n    at visit (C:\\Users\\Yanis\\Projects\\smite\\plugins\\quality-gate\\src\\parser.ts:81:10)\n    at TypeScriptParser.traverseAST (C:\\Users\\Yanis\\Projects\\smite\\plugins\\quality-gate\\src\\parser.ts:83:5)\n    at TypeScriptParser.extractFunctions (C:\\Users\\Yanis\\Projects\\smite\\plugins\\quality-gate\\src\\parser.ts:92:10)"],"meta":{}},{"ancestorTitles":["TypeScriptParser","Cyclomatic Complexity"],"fullName":"TypeScriptParser Cyclomatic Complexity should calculate complexity with for loop","status":"failed","title":"should calculate complexity with for loop","duration":4.546800000000076,"failureMessages":["TypeError: Cannot read properties of undefined (reading 'text')\n    at IdentifierObject.getText (C:\\Users\\Yanis\\Projects\\smite\\plugins\\quality-gate\\node_modules\\typescript\\lib\\typescript.js:151993:23)\n    at TypeScriptParser.analyzeFunction (C:\\Users\\Yanis\\Projects\\smite\\plugins\\quality-gate\\src\\parser.ts:118:25)\n    at C:\\Users\\Yanis\\Projects\\smite\\plugins\\quality-gate\\src\\parser.ts:99:27\n    at visit (C:\\Users\\Yanis\\Projects\\smite\\plugins\\quality-gate\\src\\parser.ts:80:7)\n    at visitNodes (C:\\Users\\Yanis\\Projects\\smite\\plugins\\quality-gate\\node_modules\\typescript\\lib\\typescript.js:32457:22)\n    at forEachChildInSourceFile (C:\\Users\\Yanis\\Projects\\smite\\plugins\\quality-gate\\node_modules\\typescript\\lib\\typescript.js:32670:12)\n    at Proxy.forEachChild (C:\\Users\\Yanis\\Projects\\smite\\plugins\\quality-gate\\node_modules\\typescript\\lib\\typescript.js:32970:35)\n    at visit (C:\\Users\\Yanis\\Projects\\smite\\plugins\\quality-gate\\src\\parser.ts:81:10)\n    at TypeScriptParser.traverseAST (C:\\Users\\Yanis\\Projects\\smite\\plugins\\quality-gate\\src\\parser.ts:83:5)\n    at TypeScriptParser.extractFunctions (C:\\Users\\Yanis\\Projects\\smite\\plugins\\quality-gate\\src\\parser.ts:92:10)"],"meta":{}},{"ancestorTitles":["TypeScriptParser","Cyclomatic Complexity"],"fullName":"TypeScriptParser Cyclomatic Complexity should calculate complexity with logical operators","status":"failed","title":"should calculate complexity with logical operators","duration":2.4199999999998454,"failureMessages":["TypeError: Cannot read properties of undefined (reading 'text')\n    at IdentifierObject.getText (C:\\Users\\Yanis\\Projects\\smite\\plugins\\quality-gate\\node_modules\\typescript\\lib\\typescript.js:151993:23)\n    at TypeScriptParser.analyzeFunction (C:\\Users\\Yanis\\Projects\\smite\\plugins\\quality-gate\\src\\parser.ts:118:25)\n    at C:\\Users\\Yanis\\Projects\\smite\\plugins\\quality-gate\\src\\parser.ts:99:27\n    at visit (C:\\Users\\Yanis\\Projects\\smite\\plugins\\quality-gate\\src\\parser.ts:80:7)\n    at visitNodes (C:\\Users\\Yanis\\Projects\\smite\\plugins\\quality-gate\\node_modules\\typescript\\lib\\typescript.js:32457:22)\n    at forEachChildInSourceFile (C:\\Users\\Yanis\\Projects\\smite\\plugins\\quality-gate\\node_modules\\typescript\\lib\\typescript.js:32670:12)\n    at Proxy.forEachChild (C:\\Users\\Yanis\\Projects\\smite\\plugins\\quality-gate\\node_modules\\typescript\\lib\\typescript.js:32970:35)\n    at visit (C:\\Users\\Yanis\\Projects\\smite\\plugins\\quality-gate\\src\\parser.ts:81:10)\n    at TypeScriptParser.traverseAST (C:\\Users\\Yanis\\Projects\\smite\\plugins\\quality-gate\\src\\parser.ts:83:5)\n    at TypeScriptParser.extractFunctions (C:\\Users\\Yanis\\Projects\\smite\\plugins\\quality-gate\\src\\parser.ts:92:10)"],"meta":{}},{"ancestorTitles":["TypeScriptParser","Cyclomatic Complexity"],"fullName":"TypeScriptParser Cyclomatic Complexity should calculate complexity with ternary operator","status":"failed","title":"should calculate complexity with ternary operator","duration":3.100300000000061,"failureMessages":["TypeError: Cannot read properties of undefined (reading 'text')\n    at IdentifierObject.getText (C:\\Users\\Yanis\\Projects\\smite\\plugins\\quality-gate\\node_modules\\typescript\\lib\\typescript.js:151993:23)\n    at TypeScriptParser.analyzeFunction (C:\\Users\\Yanis\\Projects\\smite\\plugins\\quality-gate\\src\\parser.ts:118:25)\n    at C:\\Users\\Yanis\\Projects\\smite\\plugins\\quality-gate\\src\\parser.ts:99:27\n    at visit (C:\\Users\\Yanis\\Projects\\smite\\plugins\\quality-gate\\src\\parser.ts:80:7)\n    at visitNodes (C:\\Users\\Yanis\\Projects\\smite\\plugins\\quality-gate\\node_modules\\typescript\\lib\\typescript.js:32457:22)\n    at forEachChildInSourceFile (C:\\Users\\Yanis\\Projects\\smite\\plugins\\quality-gate\\node_modules\\typescript\\lib\\typescript.js:32670:12)\n    at Proxy.forEachChild (C:\\Users\\Yanis\\Projects\\smite\\plugins\\quality-gate\\node_modules\\typescript\\lib\\typescript.js:32970:35)\n    at visit (C:\\Users\\Yanis\\Projects\\smite\\plugins\\quality-gate\\src\\parser.ts:81:10)\n    at TypeScriptParser.traverseAST (C:\\Users\\Yanis\\Projects\\smite\\plugins\\quality-gate\\src\\parser.ts:83:5)\n    at TypeScriptParser.extractFunctions (C:\\Users\\Yanis\\Projects\\smite\\plugins\\quality-gate\\src\\parser.ts:92:10)"],"meta":{}},{"ancestorTitles":["TypeScriptParser","Cyclomatic Complexity"],"fullName":"TypeScriptParser Cyclomatic Complexity should calculate complexity with switch statement","status":"failed","title":"should calculate complexity with switch statement","duration":4.733899999999949,"failureMessages":["TypeError: Cannot read properties of undefined (reading 'text')\n    at IdentifierObject.getText (C:\\Users\\Yanis\\Projects\\smite\\plugins\\quality-gate\\node_modules\\typescript\\lib\\typescript.js:151993:23)\n    at TypeScriptParser.analyzeFunction (C:\\Users\\Yanis\\Projects\\smite\\plugins\\quality-gate\\src\\parser.ts:118:25)\n    at C:\\Users\\Yanis\\Projects\\smite\\plugins\\quality-gate\\src\\parser.ts:99:27\n    at visit (C:\\Users\\Yanis\\Projects\\smite\\plugins\\quality-gate\\src\\parser.ts:80:7)\n    at visitNodes (C:\\Users\\Yanis\\Projects\\smite\\plugins\\quality-gate\\node_modules\\typescript\\lib\\typescript.js:32457:22)\n    at forEachChildInSourceFile (C:\\Users\\Yanis\\Projects\\smite\\plugins\\quality-gate\\node_modules\\typescript\\lib\\typescript.js:32670:12)\n    at Proxy.forEachChild (C:\\Users\\Yanis\\Projects\\smite\\plugins\\quality-gate\\node_modules\\typescript\\lib\\typescript.js:32970:35)\n    at visit (C:\\Users\\Yanis\\Projects\\smite\\plugins\\quality-gate\\src\\parser.ts:81:10)\n    at TypeScriptParser.traverseAST (C:\\Users\\Yanis\\Projects\\smite\\plugins\\quality-gate\\src\\parser.ts:83:5)\n    at TypeScriptParser.extractFunctions (C:\\Users\\Yanis\\Projects\\smite\\plugins\\quality-gate\\src\\parser.ts:92:10)"],"meta":{}},{"ancestorTitles":["TypeScriptParser","Cognitive Complexity"],"fullName":"TypeScriptParser Cognitive Complexity should calculate cognitive complexity","status":"failed","title":"should calculate cognitive complexity","duration":1.733699999999999,"failureMessages":["TypeError: Cannot read properties of undefined (reading 'text')\n    at IdentifierObject.getText (C:\\Users\\Yanis\\Projects\\smite\\plugins\\quality-gate\\node_modules\\typescript\\lib\\typescript.js:151993:23)\n    at TypeScriptParser.analyzeFunction (C:\\Users\\Yanis\\Projects\\smite\\plugins\\quality-gate\\src\\parser.ts:118:25)\n    at C:\\Users\\Yanis\\Projects\\smite\\plugins\\quality-gate\\src\\parser.ts:99:27\n    at visit (C:\\Users\\Yanis\\Projects\\smite\\plugins\\quality-gate\\src\\parser.ts:80:7)\n    at visitNodes (C:\\Users\\Yanis\\Projects\\smite\\plugins\\quality-gate\\node_modules\\typescript\\lib\\typescript.js:32457:22)\n    at forEachChildInSourceFile (C:\\Users\\Yanis\\Projects\\smite\\plugins\\quality-gate\\node_modules\\typescript\\lib\\typescript.js:32670:12)\n    at Proxy.forEachChild (C:\\Users\\Yanis\\Projects\\smite\\plugins\\quality-gate\\node_modules\\typescript\\lib\\typescript.js:32970:35)\n    at visit (C:\\Users\\Yanis\\Projects\\smite\\plugins\\quality-gate\\src\\parser.ts:81:10)\n    at TypeScriptParser.traverseAST (C:\\Users\\Yanis\\Projects\\smite\\plugins\\quality-gate\\src\\parser.ts:83:5)\n    at TypeScriptParser.extractFunctions (C:\\Users\\Yanis\\Projects\\smite\\plugins\\quality-gate\\src\\parser.ts:92:10)"],"meta":{}},{"ancestorTitles":["TypeScriptParser","Nesting Depth"],"fullName":"TypeScriptParser Nesting Depth should calculate nesting depth","status":"failed","title":"should calculate nesting depth","duration":1.052500000000009,"failureMessages":["TypeError: Cannot read properties of undefined (reading 'text')\n    at IdentifierObject.getText (C:\\Users\\Yanis\\Projects\\smite\\plugins\\quality-gate\\node_modules\\typescript\\lib\\typescript.js:151993:23)\n    at TypeScriptParser.analyzeFunction (C:\\Users\\Yanis\\Projects\\smite\\plugins\\quality-gate\\src\\parser.ts:118:25)\n    at C:\\Users\\Yanis\\Projects\\smite\\plugins\\quality-gate\\src\\parser.ts:99:27\n    at visit (C:\\Users\\Yanis\\Projects\\smite\\plugins\\quality-gate\\src\\parser.ts:80:7)\n    at visitNodes (C:\\Users\\Yanis\\Projects\\smite\\plugins\\quality-gate\\node_modules\\typescript\\lib\\typescript.js:32457:22)\n    at forEachChildInSourceFile (C:\\Users\\Yanis\\Projects\\smite\\plugins\\quality-gate\\node_modules\\typescript\\lib\\typescript.js:32670:12)\n    at Proxy.forEachChild (C:\\Users\\Yanis\\Projects\\smite\\plugins\\quality-gate\\node_modules\\typescript\\lib\\typescript.js:32970:35)\n    at visit (C:\\Users\\Yanis\\Projects\\smite\\plugins\\quality-gate\\src\\parser.ts:81:10)\n    at TypeScriptParser.traverseAST (C:\\Users\\Yanis\\Projects\\smite\\plugins\\quality-gate\\src\\parser.ts:83:5)\n    at TypeScriptParser.extractFunctions (C:\\Users\\Yanis\\Projects\\smite\\plugins\\quality-gate\\src\\parser.ts:92:10)"],"meta":{}},{"ancestorTitles":["TypeScriptParser","Nesting Depth"],"fullName":"TypeScriptParser Nesting Depth should handle nested loops","status":"failed","title":"should handle nested loops","duration":1.4363000000000739,"failureMessages":["TypeError: Cannot read properties of undefined (reading 'text')\n    at IdentifierObject.getText (C:\\Users\\Yanis\\Projects\\smite\\plugins\\quality-gate\\node_modules\\typescript\\lib\\typescript.js:151993:23)\n    at TypeScriptParser.analyzeFunction (C:\\Users\\Yanis\\Projects\\smite\\plugins\\quality-gate\\src\\parser.ts:118:25)\n    at C:\\Users\\Yanis\\Projects\\smite\\plugins\\quality-gate\\src\\parser.ts:99:27\n    at visit (C:\\Users\\Yanis\\Projects\\smite\\plugins\\quality-gate\\src\\parser.ts:80:7)\n    at visitNodes (C:\\Users\\Yanis\\Projects\\smite\\plugins\\quality-gate\\node_modules\\typescript\\lib\\typescript.js:32457:22)\n    at forEachChildInSourceFile (C:\\Users\\Yanis\\Projects\\smite\\plugins\\quality-gate\\node_modules\\typescript\\lib\\typescript.js:32670:12)\n    at Proxy.forEachChild (C:\\Users\\Yanis\\Projects\\smite\\plugins\\quality-gate\\node_modules\\typescript\\lib\\typescript.js:32970:35)\n    at visit (C:\\Users\\Yanis\\Projects\\smite\\plugins\\quality-gate\\src\\parser.ts:81:10)\n    at TypeScriptParser.traverseAST (C:\\Users\\Yanis\\Projects\\smite\\plugins\\quality-gate\\src\\parser.ts:83:5)\n    at TypeScriptParser.extractFunctions (C:\\Users\\Yanis\\Projects\\smite\\plugins\\quality-gate\\src\\parser.ts:92:10)"],"meta":{}},{"ancestorTitles":["TypeScriptParser","Utility Methods"],"fullName":"TypeScriptParser Utility Methods should extract code snippet","status":"failed","title":"should extract code snippet","duration":9.31529999999998,"failureMessages":["AssertionError: expected 'function ' to be 'function' // Object.is equality\n    at C:\\Users\\Yanis\\Projects\\smite\\plugins\\quality-gate\\src\\parser.test.ts:376:23\n    at file:///C:/Users/Yanis/Projects/smite/plugins/quality-gate/node_modules/@vitest/runner/dist/index.js:146:14\n    at file:///C:/Users/Yanis/Projects/smite/plugins/quality-gate/node_modules/@vitest/runner/dist/index.js:533:11\n    at runWithTimeout (file:///C:/Users/Yanis/Projects/smite/plugins/quality-gate/node_modules/@vitest/runner/dist/index.js:39:7)\n    at runTest (file:///C:/Users/Yanis/Projects/smite/plugins/quality-gate/node_modules/@vitest/runner/dist/index.js:1056:17)\n    at processTicksAndRejections (node:internal/process/task_queues:103:5)\n    at runSuite (file:///C:/Users/Yanis/Projects/smite/plugins/quality-gate/node_modules/@vitest/runner/dist/index.js:1205:15)\n    at runSuite (file:///C:/Users/Yanis/Projects/smite/plugins/quality-gate/node_modules/@vitest/runner/dist/index.js:1205:15)\n    at runSuite (file:///C:/Users/Yanis/Projects/smite/plugins/quality-gate/node_modules/@vitest/runner/dist/index.js:1205:15)\n    at runFiles (file:///C:/Users/Yanis/Projects/smite/plugins/quality-gate/node_modules/@vitest/runner/dist/index.js:1262:5)"],"meta":{}},{"ancestorTitles":["TypeScriptParser","Utility Methods"],"fullName":"TypeScriptParser Utility Methods should get line and column from position","status":"passed","title":"should get line and column from position","duration":4.298500000000331,"failureMessages":[],"meta":{}},{"ancestorTitles":["TypeScriptParser","Utility Methods"],"fullName":"TypeScriptParser Utility Methods should traverse all nodes","status":"passed","title":"should traverse all nodes","duration":1.6507999999998901,"failureMessages":[],"meta":{}},{"ancestorTitles":["TypeScriptParser","Edge Cases"],"fullName":"TypeScriptParser Edge Cases should handle async functions","status":"failed","title":"should handle async functions","duration":9.130300000000261,"failureMessages":["TypeError: Cannot read properties of undefined (reading 'text')\n    at IdentifierObject.getText (C:\\Users\\Yanis\\Projects\\smite\\plugins\\quality-gate\\node_modules\\typescript\\lib\\typescript.js:151993:23)\n    at TypeScriptParser.analyzeFunction (C:\\Users\\Yanis\\Projects\\smite\\plugins\\quality-gate\\src\\parser.ts:118:25)\n    at C:\\Users\\Yanis\\Projects\\smite\\plugins\\quality-gate\\src\\parser.ts:99:27\n    at visit (C:\\Users\\Yanis\\Projects\\smite\\plugins\\quality-gate\\src\\parser.ts:80:7)\n    at visitNodes (C:\\Users\\Yanis\\Projects\\smite\\plugins\\quality-gate\\node_modules\\typescript\\lib\\typescript.js:32457:22)\n    at forEachChildInSourceFile (C:\\Users\\Yanis\\Projects\\smite\\plugins\\quality-gate\\node_modules\\typescript\\lib\\typescript.js:32670:12)\n    at Proxy.forEachChild (C:\\Users\\Yanis\\Projects\\smite\\plugins\\quality-gate\\node_modules\\typescript\\lib\\typescript.js:32970:35)\n    at visit (C:\\Users\\Yanis\\Projects\\smite\\plugins\\quality-gate\\src\\parser.ts:81:10)\n    at TypeScriptParser.traverseAST (C:\\Users\\Yanis\\Projects\\smite\\plugins\\quality-gate\\src\\parser.ts:83:5)\n    at TypeScriptParser.extractFunctions (C:\\Users\\Yanis\\Projects\\smite\\plugins\\quality-gate\\src\\parser.ts:92:10)"],"meta":{}},{"ancestorTitles":["TypeScriptParser","Edge Cases"],"fullName":"TypeScriptParser Edge Cases should handle generator functions","status":"failed","title":"should handle generator functions","duration":2.1776999999997315,"failureMessages":["TypeError: Cannot read properties of undefined (reading 'text')\n    at IdentifierObject.getText (C:\\Users\\Yanis\\Projects\\smite\\plugins\\quality-gate\\node_modules\\typescript\\lib\\typescript.js:151993:23)\n    at TypeScriptParser.analyzeFunction (C:\\Users\\Yanis\\Projects\\smite\\plugins\\quality-gate\\src\\parser.ts:118:25)\n    at C:\\Users\\Yanis\\Projects\\smite\\plugins\\quality-gate\\src\\parser.ts:99:27\n    at visit (C:\\Users\\Yanis\\Projects\\smite\\plugins\\quality-gate\\src\\parser.ts:80:7)\n    at visitNodes (C:\\Users\\Yanis\\Projects\\smite\\plugins\\quality-gate\\node_modules\\typescript\\lib\\typescript.js:32457:22)\n    at forEachChildInSourceFile (C:\\Users\\Yanis\\Projects\\smite\\plugins\\quality-gate\\node_modules\\typescript\\lib\\typescript.js:32670:12)\n    at Proxy.forEachChild (C:\\Users\\Yanis\\Projects\\smite\\plugins\\quality-gate\\node_modules\\typescript\\lib\\typescript.js:32970:35)\n    at visit (C:\\Users\\Yanis\\Projects\\smite\\plugins\\quality-gate\\src\\parser.ts:81:10)\n    at TypeScriptParser.traverseAST (C:\\Users\\Yanis\\Projects\\smite\\plugins\\quality-gate\\src\\parser.ts:83:5)\n    at TypeScriptParser.extractFunctions (C:\\Users\\Yanis\\Projects\\smite\\plugins\\quality-gate\\src\\parser.ts:92:10)"],"meta":{}},{"ancestorTitles":["TypeScriptParser","Edge Cases"],"fullName":"TypeScriptParser Edge Cases should handle functions with default parameters","status":"failed","title":"should handle functions with default parameters","duration":1.5246000000001914,"failureMessages":["TypeError: Cannot read properties of undefined (reading 'text')\n    at IdentifierObject.getText (C:\\Users\\Yanis\\Projects\\smite\\plugins\\quality-gate\\node_modules\\typescript\\lib\\typescript.js:151993:23)\n    at TypeScriptParser.analyzeFunction (C:\\Users\\Yanis\\Projects\\smite\\plugins\\quality-gate\\src\\parser.ts:118:25)\n    at C:\\Users\\Yanis\\Projects\\smite\\plugins\\quality-gate\\src\\parser.ts:99:27\n    at visit (C:\\Users\\Yanis\\Projects\\smite\\plugins\\quality-gate\\src\\parser.ts:80:7)\n    at visitNodes (C:\\Users\\Yanis\\Projects\\smite\\plugins\\quality-gate\\node_modules\\typescript\\lib\\typescript.js:32457:22)\n    at forEachChildInSourceFile (C:\\Users\\Yanis\\Projects\\smite\\plugins\\quality-gate\\node_modules\\typescript\\lib\\typescript.js:32670:12)\n    at Proxy.forEachChild (C:\\Users\\Yanis\\Projects\\smite\\plugins\\quality-gate\\node_modules\\typescript\\lib\\typescript.js:32970:35)\n    at visit (C:\\Users\\Yanis\\Projects\\smite\\plugins\\quality-gate\\src\\parser.ts:81:10)\n    at TypeScriptParser.traverseAST (C:\\Users\\Yanis\\Projects\\smite\\plugins\\quality-gate\\src\\parser.ts:83:5)\n    at TypeScriptParser.extractFunctions (C:\\Users\\Yanis\\Projects\\smite\\plugins\\quality-gate\\src\\parser.ts:92:10)"],"meta":{}},{"ancestorTitles":["TypeScriptParser","Edge Cases"],"fullName":"TypeScriptParser Edge Cases should handle functions with rest parameters","status":"failed","title":"should handle functions with rest parameters","duration":1.4614999999998872,"failureMessages":["TypeError: Cannot read properties of undefined (reading 'text')\n    at IdentifierObject.getText (C:\\Users\\Yanis\\Projects\\smite\\plugins\\quality-gate\\node_modules\\typescript\\lib\\typescript.js:151993:23)\n    at TypeScriptParser.analyzeFunction (C:\\Users\\Yanis\\Projects\\smite\\plugins\\quality-gate\\src\\parser.ts:118:25)\n    at C:\\Users\\Yanis\\Projects\\smite\\plugins\\quality-gate\\src\\parser.ts:99:27\n    at visit (C:\\Users\\Yanis\\Projects\\smite\\plugins\\quality-gate\\src\\parser.ts:80:7)\n    at visitNodes (C:\\Users\\Yanis\\Projects\\smite\\plugins\\quality-gate\\node_modules\\typescript\\lib\\typescript.js:32457:22)\n    at forEachChildInSourceFile (C:\\Users\\Yanis\\Projects\\smite\\plugins\\quality-gate\\node_modules\\typescript\\lib\\typescript.js:32670:12)\n    at Proxy.forEachChild (C:\\Users\\Yanis\\Projects\\smite\\plugins\\quality-gate\\node_modules\\typescript\\lib\\typescript.js:32970:35)\n    at visit (C:\\Users\\Yanis\\Projects\\smite\\plugins\\quality-gate\\src\\parser.ts:81:10)\n    at TypeScriptParser.traverseAST (C:\\Users\\Yanis\\Projects\\smite\\plugins\\quality-gate\\src\\parser.ts:83:5)\n    at TypeScriptParser.extractFunctions (C:\\Users\\Yanis\\Projects\\smite\\plugins\\quality-gate\\src\\parser.ts:92:10)"],"meta":{}},{"ancestorTitles":["TypeScriptParser","Edge Cases"],"fullName":"TypeScriptParser Edge Cases should handle class constructors","status":"failed","title":"should handle class constructors","duration":6.104000000000269,"failureMessages":["AssertionError: expected +0 to be 1 // Object.is equality\n    at C:\\Users\\Yanis\\Projects\\smite\\plugins\\quality-gate\\src\\parser.test.ts:482:32\n    at file:///C:/Users/Yanis/Projects/smite/plugins/quality-gate/node_modules/@vitest/runner/dist/index.js:146:14\n    at file:///C:/Users/Yanis/Projects/smite/plugins/quality-gate/node_modules/@vitest/runner/dist/index.js:533:11\n    at runWithTimeout (file:///C:/Users/Yanis/Projects/smite/plugins/quality-gate/node_modules/@vitest/runner/dist/index.js:39:7)\n    at runTest (file:///C:/Users/Yanis/Projects/smite/plugins/quality-gate/node_modules/@vitest/runner/dist/index.js:1056:17)\n    at processTicksAndRejections (node:internal/process/task_queues:103:5)\n    at runSuite (file:///C:/Users/Yanis/Projects/smite/plugins/quality-gate/node_modules/@vitest/runner/dist/index.js:1205:15)\n    at runSuite (file:///C:/Users/Yanis/Projects/smite/plugins/quality-gate/node_modules/@vitest/runner/dist/index.js:1205:15)\n    at runSuite (file:///C:/Users/Yanis/Projects/smite/plugins/quality-gate/node_modules/@vitest/runner/dist/index.js:1205:15)\n    at runFiles (file:///C:/Users/Yanis/Projects/smite/plugins/quality-gate/node_modules/@vitest/runner/dist/index.js:1262:5)"],"meta":{}},{"ancestorTitles":["TypeScriptParser","Edge Cases"],"fullName":"TypeScriptParser Edge Cases should handle getters and setters","status":"failed","title":"should handle getters and setters","duration":2.8108000000001994,"failureMessages":["AssertionError: expected 0 to be greater than or equal to 2\n    at C:\\Users\\Yanis\\Projects\\smite\\plugins\\quality-gate\\src\\parser.test.ts:505:32\n    at file:///C:/Users/Yanis/Projects/smite/plugins/quality-gate/node_modules/@vitest/runner/dist/index.js:146:14\n    at file:///C:/Users/Yanis/Projects/smite/plugins/quality-gate/node_modules/@vitest/runner/dist/index.js:533:11\n    at runWithTimeout (file:///C:/Users/Yanis/Projects/smite/plugins/quality-gate/node_modules/@vitest/runner/dist/index.js:39:7)\n    at runTest (file:///C:/Users/Yanis/Projects/smite/plugins/quality-gate/node_modules/@vitest/runner/dist/index.js:1056:17)\n    at processTicksAndRejections (node:internal/process/task_queues:103:5)\n    at runSuite (file:///C:/Users/Yanis/Projects/smite/plugins/quality-gate/node_modules/@vitest/runner/dist/index.js:1205:15)\n    at runSuite (file:///C:/Users/Yanis/Projects/smite/plugins/quality-gate/node_modules/@vitest/runner/dist/index.js:1205:15)\n    at runSuite (file:///C:/Users/Yanis/Projects/smite/plugins/quality-gate/node_modules/@vitest/runner/dist/index.js:1205:15)\n    at runFiles (file:///C:/Users/Yanis/Projects/smite/plugins/quality-gate/node_modules/@vitest/runner/dist/index.js:1262:5)"],"meta":{}}],"startTime":1768837948422,"endTime":1768837948617.8108,"status":"failed","message":"","name":"C:/Users/Yanis/Projects/smite/plugins/quality-gate/src/parser.test.ts"},{"assertionResults":[{"ancestorTitles":["ComplexityAnalyzer","Cyclomatic Complexity"],"fullName":"ComplexityAnalyzer Cyclomatic Complexity should calculate complexity of 1 for simple function","status":"failed","title":"should calculate complexity of 1 for simple function","duration":99.34320000000002,"failureMessages":["TypeError: Cannot read properties of undefined (reading 'text')\n    at IdentifierObject.getText (C:\\Users\\Yanis\\Projects\\smite\\plugins\\quality-gate\\node_modules\\typescript\\lib\\typescript.js:151993:23)\n    at TypeScriptParser.analyzeFunction (C:\\Users\\Yanis\\Projects\\smite\\plugins\\quality-gate\\src\\parser.ts:118:25)\n    at C:\\Users\\Yanis\\Projects\\smite\\plugins\\quality-gate\\src\\parser.ts:99:27\n    at visit (C:\\Users\\Yanis\\Projects\\smite\\plugins\\quality-gate\\src\\parser.ts:80:7)\n    at visitNodes (C:\\Users\\Yanis\\Projects\\smite\\plugins\\quality-gate\\node_modules\\typescript\\lib\\typescript.js:32457:22)\n    at forEachChildInSourceFile (C:\\Users\\Yanis\\Projects\\smite\\plugins\\quality-gate\\node_modules\\typescript\\lib\\typescript.js:32670:12)\n    at Proxy.forEachChild (C:\\Users\\Yanis\\Projects\\smite\\plugins\\quality-gate\\node_modules\\typescript\\lib\\typescript.js:32970:35)\n    at visit (C:\\Users\\Yanis\\Projects\\smite\\plugins\\quality-gate\\src\\parser.ts:81:10)\n    at TypeScriptParser.traverseAST (C:\\Users\\Yanis\\Projects\\smite\\plugins\\quality-gate\\src\\parser.ts:83:5)\n    at TypeScriptParser.extractFunctions (C:\\Users\\Yanis\\Projects\\smite\\plugins\\quality-gate\\src\\parser.ts:92:10)"],"meta":{}},{"ancestorTitles":["ComplexityAnalyzer","Cyclomatic Complexity"],"fullName":"ComplexityAnalyzer Cyclomatic Complexity should detect high cyclomatic complexity","status":"failed","title":"should detect high cyclomatic complexity","duration":8.292400000000043,"failureMessages":["TypeError: Cannot read properties of undefined (reading 'text')\n    at IdentifierObject.getText (C:\\Users\\Yanis\\Projects\\smite\\plugins\\quality-gate\\node_modules\\typescript\\lib\\typescript.js:151993:23)\n    at TypeScriptParser.analyzeFunction (C:\\Users\\Yanis\\Projects\\smite\\plugins\\quality-gate\\src\\parser.ts:118:25)\n    at C:\\Users\\Yanis\\Projects\\smite\\plugins\\quality-gate\\src\\parser.ts:99:27\n    at visit (C:\\Users\\Yanis\\Projects\\smite\\plugins\\quality-gate\\src\\parser.ts:80:7)\n    at visitNodes (C:\\Users\\Yanis\\Projects\\smite\\plugins\\quality-gate\\node_modules\\typescript\\lib\\typescript.js:32457:22)\n    at forEachChildInSourceFile (C:\\Users\\Yanis\\Projects\\smite\\plugins\\quality-gate\\node_modules\\typescript\\lib\\typescript.js:32670:12)\n    at Proxy.forEachChild (C:\\Users\\Yanis\\Projects\\smite\\plugins\\quality-gate\\node_modules\\typescript\\lib\\typescript.js:32970:35)\n    at visit (C:\\Users\\Yanis\\Projects\\smite\\plugins\\quality-gate\\src\\parser.ts:81:10)\n    at TypeScriptParser.traverseAST (C:\\Users\\Yanis\\Projects\\smite\\plugins\\quality-gate\\src\\parser.ts:83:5)\n    at TypeScriptParser.extractFunctions (C:\\Users\\Yanis\\Projects\\smite\\plugins\\quality-gate\\src\\parser.ts:92:10)"],"meta":{}},{"ancestorTitles":["ComplexityAnalyzer","Cyclomatic Complexity"],"fullName":"ComplexityAnalyzer Cyclomatic Complexity should count decision points correctly","status":"failed","title":"should count decision points correctly","duration":5.564499999999953,"failureMessages":["TypeError: Cannot read properties of undefined (reading 'text')\n    at IdentifierObject.getText (C:\\Users\\Yanis\\Projects\\smite\\plugins\\quality-gate\\node_modules\\typescript\\lib\\typescript.js:151993:23)\n    at TypeScriptParser.analyzeFunction (C:\\Users\\Yanis\\Projects\\smite\\plugins\\quality-gate\\src\\parser.ts:118:25)\n    at C:\\Users\\Yanis\\Projects\\smite\\plugins\\quality-gate\\src\\parser.ts:99:27\n    at visit (C:\\Users\\Yanis\\Projects\\smite\\plugins\\quality-gate\\src\\parser.ts:80:7)\n    at visitNodes (C:\\Users\\Yanis\\Projects\\smite\\plugins\\quality-gate\\node_modules\\typescript\\lib\\typescript.js:32457:22)\n    at forEachChildInSourceFile (C:\\Users\\Yanis\\Projects\\smite\\plugins\\quality-gate\\node_modules\\typescript\\lib\\typescript.js:32670:12)\n    at Proxy.forEachChild (C:\\Users\\Yanis\\Projects\\smite\\plugins\\quality-gate\\node_modules\\typescript\\lib\\typescript.js:32970:35)\n    at visit (C:\\Users\\Yanis\\Projects\\smite\\plugins\\quality-gate\\src\\parser.ts:81:10)\n    at TypeScriptParser.traverseAST (C:\\Users\\Yanis\\Projects\\smite\\plugins\\quality-gate\\src\\parser.ts:83:5)\n    at TypeScriptParser.extractFunctions (C:\\Users\\Yanis\\Projects\\smite\\plugins\\quality-gate\\src\\parser.ts:92:10)"],"meta":{}},{"ancestorTitles":["ComplexityAnalyzer","Cyclomatic Complexity"],"fullName":"ComplexityAnalyzer Cyclomatic Complexity should handle ternary operators","status":"failed","title":"should handle ternary operators","duration":3.7432999999996355,"failureMessages":["TypeError: Cannot read properties of undefined (reading 'text')\n    at IdentifierObject.getText (C:\\Users\\Yanis\\Projects\\smite\\plugins\\quality-gate\\node_modules\\typescript\\lib\\typescript.js:151993:23)\n    at TypeScriptParser.analyzeFunction (C:\\Users\\Yanis\\Projects\\smite\\plugins\\quality-gate\\src\\parser.ts:118:25)\n    at C:\\Users\\Yanis\\Projects\\smite\\plugins\\quality-gate\\src\\parser.ts:99:27\n    at visit (C:\\Users\\Yanis\\Projects\\smite\\plugins\\quality-gate\\src\\parser.ts:80:7)\n    at visitNodes (C:\\Users\\Yanis\\Projects\\smite\\plugins\\quality-gate\\node_modules\\typescript\\lib\\typescript.js:32457:22)\n    at forEachChildInSourceFile (C:\\Users\\Yanis\\Projects\\smite\\plugins\\quality-gate\\node_modules\\typescript\\lib\\typescript.js:32670:12)\n    at Proxy.forEachChild (C:\\Users\\Yanis\\Projects\\smite\\plugins\\quality-gate\\node_modules\\typescript\\lib\\typescript.js:32970:35)\n    at visit (C:\\Users\\Yanis\\Projects\\smite\\plugins\\quality-gate\\src\\parser.ts:81:10)\n    at TypeScriptParser.traverseAST (C:\\Users\\Yanis\\Projects\\smite\\plugins\\quality-gate\\src\\parser.ts:83:5)\n    at TypeScriptParser.extractFunctions (C:\\Users\\Yanis\\Projects\\smite\\plugins\\quality-gate\\src\\parser.ts:92:10)"],"meta":{}},{"ancestorTitles":["ComplexityAnalyzer","Cognitive Complexity"],"fullName":"ComplexityAnalyzer Cognitive Complexity should calculate cognitive complexity","status":"failed","title":"should calculate cognitive complexity","duration":2.3595000000000255,"failureMessages":["TypeError: Cannot read properties of undefined (reading 'text')\n    at IdentifierObject.getText (C:\\Users\\Yanis\\Projects\\smite\\plugins\\quality-gate\\node_modules\\typescript\\lib\\typescript.js:151993:23)\n    at TypeScriptParser.analyzeFunction (C:\\Users\\Yanis\\Projects\\smite\\plugins\\quality-gate\\src\\parser.ts:118:25)\n    at C:\\Users\\Yanis\\Projects\\smite\\plugins\\quality-gate\\src\\parser.ts:99:27\n    at visit (C:\\Users\\Yanis\\Projects\\smite\\plugins\\quality-gate\\src\\parser.ts:80:7)\n    at visitNodes (C:\\Users\\Yanis\\Projects\\smite\\plugins\\quality-gate\\node_modules\\typescript\\lib\\typescript.js:32457:22)\n    at forEachChildInSourceFile (C:\\Users\\Yanis\\Projects\\smite\\plugins\\quality-gate\\node_modules\\typescript\\lib\\typescript.js:32670:12)\n    at Proxy.forEachChild (C:\\Users\\Yanis\\Projects\\smite\\plugins\\quality-gate\\node_modules\\typescript\\lib\\typescript.js:32970:35)\n    at visit (C:\\Users\\Yanis\\Projects\\smite\\plugins\\quality-gate\\src\\parser.ts:81:10)\n    at TypeScriptParser.traverseAST (C:\\Users\\Yanis\\Projects\\smite\\plugins\\quality-gate\\src\\parser.ts:83:5)\n    at TypeScriptParser.extractFunctions (C:\\Users\\Yanis\\Projects\\smite\\plugins\\quality-gate\\src\\parser.ts:92:10)"],"meta":{}},{"ancestorTitles":["ComplexityAnalyzer","Cognitive Complexity"],"fullName":"ComplexityAnalyzer Cognitive Complexity should detect high cognitive complexity","status":"failed","title":"should detect high cognitive complexity","duration":2.399499999999989,"failureMessages":["TypeError: Cannot read properties of undefined (reading 'text')\n    at IdentifierObject.getText (C:\\Users\\Yanis\\Projects\\smite\\plugins\\quality-gate\\node_modules\\typescript\\lib\\typescript.js:151993:23)\n    at TypeScriptParser.analyzeFunction (C:\\Users\\Yanis\\Projects\\smite\\plugins\\quality-gate\\src\\parser.ts:118:25)\n    at C:\\Users\\Yanis\\Projects\\smite\\plugins\\quality-gate\\src\\parser.ts:99:27\n    at visit (C:\\Users\\Yanis\\Projects\\smite\\plugins\\quality-gate\\src\\parser.ts:80:7)\n    at visitNodes (C:\\Users\\Yanis\\Projects\\smite\\plugins\\quality-gate\\node_modules\\typescript\\lib\\typescript.js:32457:22)\n    at forEachChildInSourceFile (C:\\Users\\Yanis\\Projects\\smite\\plugins\\quality-gate\\node_modules\\typescript\\lib\\typescript.js:32670:12)\n    at Proxy.forEachChild (C:\\Users\\Yanis\\Projects\\smite\\plugins\\quality-gate\\node_modules\\typescript\\lib\\typescript.js:32970:35)\n    at visit (C:\\Users\\Yanis\\Projects\\smite\\plugins\\quality-gate\\src\\parser.ts:81:10)\n    at TypeScriptParser.traverseAST (C:\\Users\\Yanis\\Projects\\smite\\plugins\\quality-gate\\src\\parser.ts:83:5)\n    at TypeScriptParser.extractFunctions (C:\\Users\\Yanis\\Projects\\smite\\plugins\\quality-gate\\src\\parser.ts:92:10)"],"meta":{}},{"ancestorTitles":["ComplexityAnalyzer","Nesting Depth"],"fullName":"ComplexityAnalyzer Nesting Depth should calculate nesting depth","status":"failed","title":"should calculate nesting depth","duration":1.5049999999996544,"failureMessages":["TypeError: Cannot read properties of undefined (reading 'text')\n    at IdentifierObject.getText (C:\\Users\\Yanis\\Projects\\smite\\plugins\\quality-gate\\node_modules\\typescript\\lib\\typescript.js:151993:23)\n    at TypeScriptParser.analyzeFunction (C:\\Users\\Yanis\\Projects\\smite\\plugins\\quality-gate\\src\\parser.ts:118:25)\n    at C:\\Users\\Yanis\\Projects\\smite\\plugins\\quality-gate\\src\\parser.ts:99:27\n    at visit (C:\\Users\\Yanis\\Projects\\smite\\plugins\\quality-gate\\src\\parser.ts:80:7)\n    at visitNodes (C:\\Users\\Yanis\\Projects\\smite\\plugins\\quality-gate\\node_modules\\typescript\\lib\\typescript.js:32457:22)\n    at forEachChildInSourceFile (C:\\Users\\Yanis\\Projects\\smite\\plugins\\quality-gate\\node_modules\\typescript\\lib\\typescript.js:32670:12)\n    at Proxy.forEachChild (C:\\Users\\Yanis\\Projects\\smite\\plugins\\quality-gate\\node_modules\\typescript\\lib\\typescript.js:32970:35)\n    at visit (C:\\Users\\Yanis\\Projects\\smite\\plugins\\quality-gate\\src\\parser.ts:81:10)\n    at TypeScriptParser.traverseAST (C:\\Users\\Yanis\\Projects\\smite\\plugins\\quality-gate\\src\\parser.ts:83:5)\n    at TypeScriptParser.extractFunctions (C:\\Users\\Yanis\\Projects\\smite\\plugins\\quality-gate\\src\\parser.ts:92:10)"],"meta":{}},{"ancestorTitles":["ComplexityAnalyzer","Nesting Depth"],"fullName":"ComplexityAnalyzer Nesting Depth should detect excessive nesting","status":"failed","title":"should detect excessive nesting","duration":1.4935999999997875,"failureMessages":["TypeError: Cannot read properties of undefined (reading 'text')\n    at IdentifierObject.getText (C:\\Users\\Yanis\\Projects\\smite\\plugins\\quality-gate\\node_modules\\typescript\\lib\\typescript.js:151993:23)\n    at TypeScriptParser.analyzeFunction (C:\\Users\\Yanis\\Projects\\smite\\plugins\\quality-gate\\src\\parser.ts:118:25)\n    at C:\\Users\\Yanis\\Projects\\smite\\plugins\\quality-gate\\src\\parser.ts:99:27\n    at visit (C:\\Users\\Yanis\\Projects\\smite\\plugins\\quality-gate\\src\\parser.ts:80:7)\n    at visitNodes (C:\\Users\\Yanis\\Projects\\smite\\plugins\\quality-gate\\node_modules\\typescript\\lib\\typescript.js:32457:22)\n    at forEachChildInSourceFile (C:\\Users\\Yanis\\Projects\\smite\\plugins\\quality-gate\\node_modules\\typescript\\lib\\typescript.js:32670:12)\n    at Proxy.forEachChild (C:\\Users\\Yanis\\Projects\\smite\\plugins\\quality-gate\\node_modules\\typescript\\lib\\typescript.js:32970:35)\n    at visit (C:\\Users\\Yanis\\Projects\\smite\\plugins\\quality-gate\\src\\parser.ts:81:10)\n    at TypeScriptParser.traverseAST (C:\\Users\\Yanis\\Projects\\smite\\plugins\\quality-gate\\src\\parser.ts:83:5)\n    at TypeScriptParser.extractFunctions (C:\\Users\\Yanis\\Projects\\smite\\plugins\\quality-gate\\src\\parser.ts:92:10)"],"meta":{}},{"ancestorTitles":["ComplexityAnalyzer","Function Length"],"fullName":"ComplexityAnalyzer Function Length should calculate function length","status":"failed","title":"should calculate function length","duration":2.492500000000291,"failureMessages":["TypeError: Cannot read properties of undefined (reading 'text')\n    at IdentifierObject.getText (C:\\Users\\Yanis\\Projects\\smite\\plugins\\quality-gate\\node_modules\\typescript\\lib\\typescript.js:151993:23)\n    at TypeScriptParser.analyzeFunction (C:\\Users\\Yanis\\Projects\\smite\\plugins\\quality-gate\\src\\parser.ts:118:25)\n    at C:\\Users\\Yanis\\Projects\\smite\\plugins\\quality-gate\\src\\parser.ts:99:27\n    at visit (C:\\Users\\Yanis\\Projects\\smite\\plugins\\quality-gate\\src\\parser.ts:80:7)\n    at visitNodes (C:\\Users\\Yanis\\Projects\\smite\\plugins\\quality-gate\\node_modules\\typescript\\lib\\typescript.js:32457:22)\n    at forEachChildInSourceFile (C:\\Users\\Yanis\\Projects\\smite\\plugins\\quality-gate\\node_modules\\typescript\\lib\\typescript.js:32670:12)\n    at Proxy.forEachChild (C:\\Users\\Yanis\\Projects\\smite\\plugins\\quality-gate\\node_modules\\typescript\\lib\\typescript.js:32970:35)\n    at visit (C:\\Users\\Yanis\\Projects\\smite\\plugins\\quality-gate\\src\\parser.ts:81:10)\n    at TypeScriptParser.traverseAST (C:\\Users\\Yanis\\Projects\\smite\\plugins\\quality-gate\\src\\parser.ts:83:5)\n    at TypeScriptParser.extractFunctions (C:\\Users\\Yanis\\Projects\\smite\\plugins\\quality-gate\\src\\parser.ts:92:10)"],"meta":{}},{"ancestorTitles":["ComplexityAnalyzer","Function Length"],"fullName":"ComplexityAnalyzer Function Length should detect excessive function length","status":"failed","title":"should detect excessive function length","duration":4.704299999999876,"failureMessages":["TypeError: Cannot read properties of undefined (reading 'text')\n    at IdentifierObject.getText (C:\\Users\\Yanis\\Projects\\smite\\plugins\\quality-gate\\node_modules\\typescript\\lib\\typescript.js:151993:23)\n    at TypeScriptParser.analyzeFunction (C:\\Users\\Yanis\\Projects\\smite\\plugins\\quality-gate\\src\\parser.ts:118:25)\n    at C:\\Users\\Yanis\\Projects\\smite\\plugins\\quality-gate\\src\\parser.ts:99:27\n    at visit (C:\\Users\\Yanis\\Projects\\smite\\plugins\\quality-gate\\src\\parser.ts:80:7)\n    at visitNodes (C:\\Users\\Yanis\\Projects\\smite\\plugins\\quality-gate\\node_modules\\typescript\\lib\\typescript.js:32457:22)\n    at forEachChildInSourceFile (C:\\Users\\Yanis\\Projects\\smite\\plugins\\quality-gate\\node_modules\\typescript\\lib\\typescript.js:32670:12)\n    at Proxy.forEachChild (C:\\Users\\Yanis\\Projects\\smite\\plugins\\quality-gate\\node_modules\\typescript\\lib\\typescript.js:32970:35)\n    at visit (C:\\Users\\Yanis\\Projects\\smite\\plugins\\quality-gate\\src\\parser.ts:81:10)\n    at TypeScriptParser.traverseAST (C:\\Users\\Yanis\\Projects\\smite\\plugins\\quality-gate\\src\\parser.ts:83:5)\n    at TypeScriptParser.extractFunctions (C:\\Users\\Yanis\\Projects\\smite\\plugins\\quality-gate\\src\\parser.ts:92:10)"],"meta":{}},{"ancestorTitles":["ComplexityAnalyzer","Parameter Count"],"fullName":"ComplexityAnalyzer Parameter Count should count function parameters","status":"failed","title":"should count function parameters","duration":1.6906999999996515,"failureMessages":["TypeError: Cannot read properties of undefined (reading 'text')\n    at IdentifierObject.getText (C:\\Users\\Yanis\\Projects\\smite\\plugins\\quality-gate\\node_modules\\typescript\\lib\\typescript.js:151993:23)\n    at TypeScriptParser.analyzeFunction (C:\\Users\\Yanis\\Projects\\smite\\plugins\\quality-gate\\src\\parser.ts:118:25)\n    at C:\\Users\\Yanis\\Projects\\smite\\plugins\\quality-gate\\src\\parser.ts:99:27\n    at visit (C:\\Users\\Yanis\\Projects\\smite\\plugins\\quality-gate\\src\\parser.ts:80:7)\n    at visitNodes (C:\\Users\\Yanis\\Projects\\smite\\plugins\\quality-gate\\node_modules\\typescript\\lib\\typescript.js:32457:22)\n    at forEachChildInSourceFile (C:\\Users\\Yanis\\Projects\\smite\\plugins\\quality-gate\\node_modules\\typescript\\lib\\typescript.js:32670:12)\n    at Proxy.forEachChild (C:\\Users\\Yanis\\Projects\\smite\\plugins\\quality-gate\\node_modules\\typescript\\lib\\typescript.js:32970:35)\n    at visit (C:\\Users\\Yanis\\Projects\\smite\\plugins\\quality-gate\\src\\parser.ts:81:10)\n    at TypeScriptParser.traverseAST (C:\\Users\\Yanis\\Projects\\smite\\plugins\\quality-gate\\src\\parser.ts:83:5)\n    at TypeScriptParser.extractFunctions (C:\\Users\\Yanis\\Projects\\smite\\plugins\\quality-gate\\src\\parser.ts:92:10)"],"meta":{}},{"ancestorTitles":["ComplexityAnalyzer","Parameter Count"],"fullName":"ComplexityAnalyzer Parameter Count should detect excessive parameter count","status":"failed","title":"should detect excessive parameter count","duration":1.7363000000000284,"failureMessages":["TypeError: Cannot read properties of undefined (reading 'text')\n    at IdentifierObject.getText (C:\\Users\\Yanis\\Projects\\smite\\plugins\\quality-gate\\node_modules\\typescript\\lib\\typescript.js:151993:23)\n    at TypeScriptParser.analyzeFunction (C:\\Users\\Yanis\\Projects\\smite\\plugins\\quality-gate\\src\\parser.ts:118:25)\n    at C:\\Users\\Yanis\\Projects\\smite\\plugins\\quality-gate\\src\\parser.ts:99:27\n    at visit (C:\\Users\\Yanis\\Projects\\smite\\plugins\\quality-gate\\src\\parser.ts:80:7)\n    at visitNodes (C:\\Users\\Yanis\\Projects\\smite\\plugins\\quality-gate\\node_modules\\typescript\\lib\\typescript.js:32457:22)\n    at forEachChildInSourceFile (C:\\Users\\Yanis\\Projects\\smite\\plugins\\quality-gate\\node_modules\\typescript\\lib\\typescript.js:32670:12)\n    at Proxy.forEachChild (C:\\Users\\Yanis\\Projects\\smite\\plugins\\quality-gate\\node_modules\\typescript\\lib\\typescript.js:32970:35)\n    at visit (C:\\Users\\Yanis\\Projects\\smite\\plugins\\quality-gate\\src\\parser.ts:81:10)\n    at TypeScriptParser.traverseAST (C:\\Users\\Yanis\\Projects\\smite\\plugins\\quality-gate\\src\\parser.ts:83:5)\n    at TypeScriptParser.extractFunctions (C:\\Users\\Yanis\\Projects\\smite\\plugins\\quality-gate\\src\\parser.ts:92:10)"],"meta":{}},{"ancestorTitles":["ComplexityAnalyzer","Arrow Functions"],"fullName":"ComplexityAnalyzer Arrow Functions should analyze arrow functions","status":"passed","title":"should analyze arrow functions","duration":8.956900000000132,"failureMessages":[],"meta":{}},{"ancestorTitles":["ComplexityAnalyzer","Arrow Functions"],"fullName":"ComplexityAnalyzer Arrow Functions should analyze concise arrow functions","status":"passed","title":"should analyze concise arrow functions","duration":4.049199999999928,"failureMessages":[],"meta":{}},{"ancestorTitles":["ComplexityAnalyzer","Method Declarations"],"fullName":"ComplexityAnalyzer Method Declarations should analyze class methods","status":"failed","title":"should analyze class methods","duration":3.081000000000131,"failureMessages":["TypeError: Cannot read properties of undefined (reading 'text')\n    at IdentifierObject.getText (C:\\Users\\Yanis\\Projects\\smite\\plugins\\quality-gate\\node_modules\\typescript\\lib\\typescript.js:151993:23)\n    at TypeScriptParser.analyzeFunction (C:\\Users\\Yanis\\Projects\\smite\\plugins\\quality-gate\\src\\parser.ts:118:25)\n    at C:\\Users\\Yanis\\Projects\\smite\\plugins\\quality-gate\\src\\parser.ts:99:27\n    at visit (C:\\Users\\Yanis\\Projects\\smite\\plugins\\quality-gate\\src\\parser.ts:80:7)\n    at visitNodes (C:\\Users\\Yanis\\Projects\\smite\\plugins\\quality-gate\\node_modules\\typescript\\lib\\typescript.js:32457:22)\n    at forEachChildInClassDeclarationOrExpression (C:\\Users\\Yanis\\Projects\\smite\\plugins\\quality-gate\\node_modules\\typescript\\lib\\typescript.js:32933:195)\n    at Proxy.forEachChild (C:\\Users\\Yanis\\Projects\\smite\\plugins\\quality-gate\\node_modules\\typescript\\lib\\typescript.js:32970:35)\n    at visit (C:\\Users\\Yanis\\Projects\\smite\\plugins\\quality-gate\\src\\parser.ts:81:10)\n    at visitNodes (C:\\Users\\Yanis\\Projects\\smite\\plugins\\quality-gate\\node_modules\\typescript\\lib\\typescript.js:32457:22)\n    at forEachChildInSourceFile (C:\\Users\\Yanis\\Projects\\smite\\plugins\\quality-gate\\node_modules\\typescript\\lib\\typescript.js:32670:12)"],"meta":{}},{"ancestorTitles":["ComplexityAnalyzer","Edge Cases"],"fullName":"ComplexityAnalyzer Edge Cases should handle empty function","status":"failed","title":"should handle empty function","duration":1.1294000000002598,"failureMessages":["TypeError: Cannot read properties of undefined (reading 'text')\n    at IdentifierObject.getText (C:\\Users\\Yanis\\Projects\\smite\\plugins\\quality-gate\\node_modules\\typescript\\lib\\typescript.js:151993:23)\n    at TypeScriptParser.analyzeFunction (C:\\Users\\Yanis\\Projects\\smite\\plugins\\quality-gate\\src\\parser.ts:118:25)\n    at C:\\Users\\Yanis\\Projects\\smite\\plugins\\quality-gate\\src\\parser.ts:99:27\n    at visit (C:\\Users\\Yanis\\Projects\\smite\\plugins\\quality-gate\\src\\parser.ts:80:7)\n    at visitNodes (C:\\Users\\Yanis\\Projects\\smite\\plugins\\quality-gate\\node_modules\\typescript\\lib\\typescript.js:32457:22)\n    at forEachChildInSourceFile (C:\\Users\\Yanis\\Projects\\smite\\plugins\\quality-gate\\node_modules\\typescript\\lib\\typescript.js:32670:12)\n    at Proxy.forEachChild (C:\\Users\\Yanis\\Projects\\smite\\plugins\\quality-gate\\node_modules\\typescript\\lib\\typescript.js:32970:35)\n    at visit (C:\\Users\\Yanis\\Projects\\smite\\plugins\\quality-gate\\src\\parser.ts:81:10)\n    at TypeScriptParser.traverseAST (C:\\Users\\Yanis\\Projects\\smite\\plugins\\quality-gate\\src\\parser.ts:83:5)\n    at TypeScriptParser.extractFunctions (C:\\Users\\Yanis\\Projects\\smite\\plugins\\quality-gate\\src\\parser.ts:92:10)"],"meta":{}},{"ancestorTitles":["ComplexityAnalyzer","Edge Cases"],"fullName":"ComplexityAnalyzer Edge Cases should handle function with no return","status":"failed","title":"should handle function with no return","duration":1.231800000000021,"failureMessages":["TypeError: Cannot read properties of undefined (reading 'text')\n    at IdentifierObject.getText (C:\\Users\\Yanis\\Projects\\smite\\plugins\\quality-gate\\node_modules\\typescript\\lib\\typescript.js:151993:23)\n    at TypeScriptParser.analyzeFunction (C:\\Users\\Yanis\\Projects\\smite\\plugins\\quality-gate\\src\\parser.ts:118:25)\n    at C:\\Users\\Yanis\\Projects\\smite\\plugins\\quality-gate\\src\\parser.ts:99:27\n    at visit (C:\\Users\\Yanis\\Projects\\smite\\plugins\\quality-gate\\src\\parser.ts:80:7)\n    at visitNodes (C:\\Users\\Yanis\\Projects\\smite\\plugins\\quality-gate\\node_modules\\typescript\\lib\\typescript.js:32457:22)\n    at forEachChildInSourceFile (C:\\Users\\Yanis\\Projects\\smite\\plugins\\quality-gate\\node_modules\\typescript\\lib\\typescript.js:32670:12)\n    at Proxy.forEachChild (C:\\Users\\Yanis\\Projects\\smite\\plugins\\quality-gate\\node_modules\\typescript\\lib\\typescript.js:32970:35)\n    at visit (C:\\Users\\Yanis\\Projects\\smite\\plugins\\quality-gate\\src\\parser.ts:81:10)\n    at TypeScriptParser.traverseAST (C:\\Users\\Yanis\\Projects\\smite\\plugins\\quality-gate\\src\\parser.ts:83:5)\n    at TypeScriptParser.extractFunctions (C:\\Users\\Yanis\\Projects\\smite\\plugins\\quality-gate\\src\\parser.ts:92:10)"],"meta":{}},{"ancestorTitles":["ComplexityAnalyzer","Edge Cases"],"fullName":"ComplexityAnalyzer Edge Cases should handle async functions","status":"failed","title":"should handle async functions","duration":1.798200000000179,"failureMessages":["TypeError: Cannot read properties of undefined (reading 'text')\n    at IdentifierObject.getText (C:\\Users\\Yanis\\Projects\\smite\\plugins\\quality-gate\\node_modules\\typescript\\lib\\typescript.js:151993:23)\n    at TypeScriptParser.analyzeFunction (C:\\Users\\Yanis\\Projects\\smite\\plugins\\quality-gate\\src\\parser.ts:118:25)\n    at C:\\Users\\Yanis\\Projects\\smite\\plugins\\quality-gate\\src\\parser.ts:99:27\n    at visit (C:\\Users\\Yanis\\Projects\\smite\\plugins\\quality-gate\\src\\parser.ts:80:7)\n    at visitNodes (C:\\Users\\Yanis\\Projects\\smite\\plugins\\quality-gate\\node_modules\\typescript\\lib\\typescript.js:32457:22)\n    at forEachChildInSourceFile (C:\\Users\\Yanis\\Projects\\smite\\plugins\\quality-gate\\node_modules\\typescript\\lib\\typescript.js:32670:12)\n    at Proxy.forEachChild (C:\\Users\\Yanis\\Projects\\smite\\plugins\\quality-gate\\node_modules\\typescript\\lib\\typescript.js:32970:35)\n    at visit (C:\\Users\\Yanis\\Projects\\smite\\plugins\\quality-gate\\src\\parser.ts:81:10)\n    at TypeScriptParser.traverseAST (C:\\Users\\Yanis\\Projects\\smite\\plugins\\quality-gate\\src\\parser.ts:83:5)\n    at TypeScriptParser.extractFunctions (C:\\Users\\Yanis\\Projects\\smite\\plugins\\quality-gate\\src\\parser.ts:92:10)"],"meta":{}},{"ancestorTitles":["ComplexityAnalyzer","Edge Cases"],"fullName":"ComplexityAnalyzer Edge Cases should handle generator functions","status":"failed","title":"should handle generator functions","duration":2.377100000000155,"failureMessages":["TypeError: Cannot read properties of undefined (reading 'text')\n    at IdentifierObject.getText (C:\\Users\\Yanis\\Projects\\smite\\plugins\\quality-gate\\node_modules\\typescript\\lib\\typescript.js:151993:23)\n    at TypeScriptParser.analyzeFunction (C:\\Users\\Yanis\\Projects\\smite\\plugins\\quality-gate\\src\\parser.ts:118:25)\n    at C:\\Users\\Yanis\\Projects\\smite\\plugins\\quality-gate\\src\\parser.ts:99:27\n    at visit (C:\\Users\\Yanis\\Projects\\smite\\plugins\\quality-gate\\src\\parser.ts:80:7)\n    at visitNodes (C:\\Users\\Yanis\\Projects\\smite\\plugins\\quality-gate\\node_modules\\typescript\\lib\\typescript.js:32457:22)\n    at forEachChildInSourceFile (C:\\Users\\Yanis\\Projects\\smite\\plugins\\quality-gate\\node_modules\\typescript\\lib\\typescript.js:32670:12)\n    at Proxy.forEachChild (C:\\Users\\Yanis\\Projects\\smite\\plugins\\quality-gate\\node_modules\\typescript\\lib\\typescript.js:32970:35)\n    at visit (C:\\Users\\Yanis\\Projects\\smite\\plugins\\quality-gate\\src\\parser.ts:81:10)\n    at TypeScriptParser.traverseAST (C:\\Users\\Yanis\\Projects\\smite\\plugins\\quality-gate\\src\\parser.ts:83:5)\n    at TypeScriptParser.extractFunctions (C:\\Users\\Yanis\\Projects\\smite\\plugins\\quality-gate\\src\\parser.ts:92:10)"],"meta":{}}],"startTime":1768837948420,"endTime":1768837948580.3772,"status":"failed","message":"","name":"C:/Users/Yanis/Projects/smite/plugins/quality-gate/src/analyzers/complexity.test.ts"},{"assertionResults":[{"ancestorTitles":["SecurityScanner","SQL Injection Detection"],"fullName":"SecurityScanner SQL Injection Detection should detect SQL injection with template literal","status":"pending","title":"should detect SQL injection with template literal","failureMessages":[],"meta":{}},{"ancestorTitles":["SecurityScanner","SQL Injection Detection"],"fullName":"SecurityScanner SQL Injection Detection should not flag parameterized queries","status":"pending","title":"should not flag parameterized queries","failureMessages":[],"meta":{}},{"ancestorTitles":["SecurityScanner","XSS Detection"],"fullName":"SecurityScanner XSS Detection should detect innerHTML assignment","status":"pending","title":"should detect innerHTML assignment","failureMessages":[],"meta":{}},{"ancestorTitles":["SecurityScanner","XSS Detection"],"fullName":"SecurityScanner XSS Detection should detect dangerouslySetInnerHTML","status":"pending","title":"should detect dangerouslySetInnerHTML","failureMessages":[],"meta":{}},{"ancestorTitles":["SecurityScanner","XSS Detection"],"fullName":"SecurityScanner XSS Detection should not flag textContent","status":"pending","title":"should not flag textContent","failureMessages":[],"meta":{}},{"ancestorTitles":["SecurityScanner","Weak Cryptography Detection"],"fullName":"SecurityScanner Weak Cryptography Detection should detect MD5 usage","status":"pending","title":"should detect MD5 usage","failureMessages":[],"meta":{}},{"ancestorTitles":["SecurityScanner","Weak Cryptography Detection"],"fullName":"SecurityScanner Weak Cryptography Detection should detect SHA1 usage","status":"pending","title":"should detect SHA1 usage","failureMessages":[],"meta":{}},{"ancestorTitles":["SecurityScanner","Weak Cryptography Detection"],"fullName":"SecurityScanner Weak Cryptography Detection should detect createCipher usage","status":"pending","title":"should detect createCipher usage","failureMessages":[],"meta":{}},{"ancestorTitles":["SecurityScanner","Weak Cryptography Detection"],"fullName":"SecurityScanner Weak Cryptography Detection should not flag createCipherIV (authenticated encryption)","status":"pending","title":"should not flag createCipherIV (authenticated encryption)","failureMessages":[],"meta":{}},{"ancestorTitles":["SecurityScanner","Hardcoded Secrets Detection"],"fullName":"SecurityScanner Hardcoded Secrets Detection should detect hardcoded password","status":"pending","title":"should detect hardcoded password","failureMessages":[],"meta":{}},{"ancestorTitles":["SecurityScanner","Hardcoded Secrets Detection"],"fullName":"SecurityScanner Hardcoded Secrets Detection should detect hardcoded API key","status":"pending","title":"should detect hardcoded API key","failureMessages":[],"meta":{}},{"ancestorTitles":["SecurityScanner","Hardcoded Secrets Detection"],"fullName":"SecurityScanner Hardcoded Secrets Detection should not flag environment variables","status":"pending","title":"should not flag environment variables","failureMessages":[],"meta":{}},{"ancestorTitles":["SecurityScanner","Rule Configuration"],"fullName":"SecurityScanner Rule Configuration should respect enabled flag","status":"pending","title":"should respect enabled flag","failureMessages":[],"meta":{}},{"ancestorTitles":["SecurityScanner","Rule Configuration"],"fullName":"SecurityScanner Rule Configuration should allow custom severity override","status":"pending","title":"should allow custom severity override","failureMessages":[],"meta":{}},{"ancestorTitles":["SecurityScanner","Metrics Tracking"],"fullName":"SecurityScanner Metrics Tracking should track critical issues","status":"pending","title":"should track critical issues","failureMessages":[],"meta":{}},{"ancestorTitles":["SecurityScanner","Metrics Tracking"],"fullName":"SecurityScanner Metrics Tracking should track error issues","status":"pending","title":"should track error issues","failureMessages":[],"meta":{}},{"ancestorTitles":["SecurityScanner","Code Snippets"],"fullName":"SecurityScanner Code Snippets should include code snippets in issues","status":"pending","title":"should include code snippets in issues","failureMessages":[],"meta":{}}],"startTime":1768837946371,"endTime":1768837946371,"status":"passed","message":"","name":"C:/Users/Yanis/Projects/smite/plugins/quality-gate/src/analyzers/security.test.ts"},{"assertionResults":[{"ancestorTitles":["SemanticChecker","Naming Conventions"],"fullName":"SemanticChecker Naming Conventions should enforce camelCase for functions","status":"failed","title":"should enforce camelCase for functions","duration":94.08699999999976,"failureMessages":["TypeError: Cannot read properties of undefined (reading 'text')\n    at IdentifierObject.getText (C:\\Users\\Yanis\\Projects\\smite\\plugins\\quality-gate\\node_modules\\typescript\\lib\\typescript.js:151993:23)\n    at C:\\Users\\Yanis\\Projects\\smite\\plugins\\quality-gate\\src\\analyzers\\semantic.ts:62:32\n    at visit (C:\\Users\\Yanis\\Projects\\smite\\plugins\\quality-gate\\src\\parser.ts:80:7)\n    at visitNodes (C:\\Users\\Yanis\\Projects\\smite\\plugins\\quality-gate\\node_modules\\typescript\\lib\\typescript.js:32457:22)\n    at forEachChildInSourceFile (C:\\Users\\Yanis\\Projects\\smite\\plugins\\quality-gate\\node_modules\\typescript\\lib\\typescript.js:32670:12)\n    at Proxy.forEachChild (C:\\Users\\Yanis\\Projects\\smite\\plugins\\quality-gate\\node_modules\\typescript\\lib\\typescript.js:32970:35)\n    at visit (C:\\Users\\Yanis\\Projects\\smite\\plugins\\quality-gate\\src\\parser.ts:81:10)\n    at TypeScriptParser.traverseAST (C:\\Users\\Yanis\\Projects\\smite\\plugins\\quality-gate\\src\\parser.ts:83:5)\n    at SemanticChecker.checkNaming (C:\\Users\\Yanis\\Projects\\smite\\plugins\\quality-gate\\src\\analyzers\\semantic.ts:59:17)\n    at SemanticChecker.check (C:\\Users\\Yanis\\Projects\\smite\\plugins\\quality-gate\\src\\analyzers\\semantic.ts:34:16)"],"meta":{}},{"ancestorTitles":["SemanticChecker","Naming Conventions"],"fullName":"SemanticChecker Naming Conventions should allow camelCase function names","status":"failed","title":"should allow camelCase function names","duration":2.881199999999808,"failureMessages":["TypeError: Cannot read properties of undefined (reading 'text')\n    at IdentifierObject.getText (C:\\Users\\Yanis\\Projects\\smite\\plugins\\quality-gate\\node_modules\\typescript\\lib\\typescript.js:151993:23)\n    at C:\\Users\\Yanis\\Projects\\smite\\plugins\\quality-gate\\src\\analyzers\\semantic.ts:62:32\n    at visit (C:\\Users\\Yanis\\Projects\\smite\\plugins\\quality-gate\\src\\parser.ts:80:7)\n    at visitNodes (C:\\Users\\Yanis\\Projects\\smite\\plugins\\quality-gate\\node_modules\\typescript\\lib\\typescript.js:32457:22)\n    at forEachChildInSourceFile (C:\\Users\\Yanis\\Projects\\smite\\plugins\\quality-gate\\node_modules\\typescript\\lib\\typescript.js:32670:12)\n    at Proxy.forEachChild (C:\\Users\\Yanis\\Projects\\smite\\plugins\\quality-gate\\node_modules\\typescript\\lib\\typescript.js:32970:35)\n    at visit (C:\\Users\\Yanis\\Projects\\smite\\plugins\\quality-gate\\src\\parser.ts:81:10)\n    at TypeScriptParser.traverseAST (C:\\Users\\Yanis\\Projects\\smite\\plugins\\quality-gate\\src\\parser.ts:83:5)\n    at SemanticChecker.checkNaming (C:\\Users\\Yanis\\Projects\\smite\\plugins\\quality-gate\\src\\analyzers\\semantic.ts:59:17)\n    at SemanticChecker.check (C:\\Users\\Yanis\\Projects\\smite\\plugins\\quality-gate\\src\\analyzers\\semantic.ts:34:16)"],"meta":{}},{"ancestorTitles":["SemanticChecker","Naming Conventions"],"fullName":"SemanticChecker Naming Conventions should allow private function names (starting with _)","status":"failed","title":"should allow private function names (starting with _)","duration":3.5792999999998756,"failureMessages":["TypeError: Cannot read properties of undefined (reading 'text')\n    at IdentifierObject.getText (C:\\Users\\Yanis\\Projects\\smite\\plugins\\quality-gate\\node_modules\\typescript\\lib\\typescript.js:151993:23)\n    at C:\\Users\\Yanis\\Projects\\smite\\plugins\\quality-gate\\src\\analyzers\\semantic.ts:62:32\n    at visit (C:\\Users\\Yanis\\Projects\\smite\\plugins\\quality-gate\\src\\parser.ts:80:7)\n    at visitNodes (C:\\Users\\Yanis\\Projects\\smite\\plugins\\quality-gate\\node_modules\\typescript\\lib\\typescript.js:32457:22)\n    at forEachChildInSourceFile (C:\\Users\\Yanis\\Projects\\smite\\plugins\\quality-gate\\node_modules\\typescript\\lib\\typescript.js:32670:12)\n    at Proxy.forEachChild (C:\\Users\\Yanis\\Projects\\smite\\plugins\\quality-gate\\node_modules\\typescript\\lib\\typescript.js:32970:35)\n    at visit (C:\\Users\\Yanis\\Projects\\smite\\plugins\\quality-gate\\src\\parser.ts:81:10)\n    at TypeScriptParser.traverseAST (C:\\Users\\Yanis\\Projects\\smite\\plugins\\quality-gate\\src\\parser.ts:83:5)\n    at SemanticChecker.checkNaming (C:\\Users\\Yanis\\Projects\\smite\\plugins\\quality-gate\\src\\analyzers\\semantic.ts:59:17)\n    at SemanticChecker.check (C:\\Users\\Yanis\\Projects\\smite\\plugins\\quality-gate\\src\\analyzers\\semantic.ts:34:16)"],"meta":{}},{"ancestorTitles":["SemanticChecker","Naming Conventions"],"fullName":"SemanticChecker Naming Conventions should enforce camelCase for variables","status":"failed","title":"should enforce camelCase for variables","duration":4.297599999999875,"failureMessages":["TypeError: Cannot read properties of undefined (reading 'text')\n    at IdentifierObject.getText (C:\\Users\\Yanis\\Projects\\smite\\plugins\\quality-gate\\node_modules\\typescript\\lib\\typescript.js:151993:23)\n    at C:\\Users\\Yanis\\Projects\\smite\\plugins\\quality-gate\\src\\analyzers\\semantic.ts:87:36\n    at visit (C:\\Users\\Yanis\\Projects\\smite\\plugins\\quality-gate\\src\\parser.ts:80:7)\n    at visitNodes (C:\\Users\\Yanis\\Projects\\smite\\plugins\\quality-gate\\node_modules\\typescript\\lib\\typescript.js:32457:22)\n    at forEachChildInSourceFile (C:\\Users\\Yanis\\Projects\\smite\\plugins\\quality-gate\\node_modules\\typescript\\lib\\typescript.js:32670:12)\n    at Proxy.forEachChild (C:\\Users\\Yanis\\Projects\\smite\\plugins\\quality-gate\\node_modules\\typescript\\lib\\typescript.js:32970:35)\n    at visit (C:\\Users\\Yanis\\Projects\\smite\\plugins\\quality-gate\\src\\parser.ts:81:10)\n    at TypeScriptParser.traverseAST (C:\\Users\\Yanis\\Projects\\smite\\plugins\\quality-gate\\src\\parser.ts:83:5)\n    at SemanticChecker.checkNaming (C:\\Users\\Yanis\\Projects\\smite\\plugins\\quality-gate\\src\\analyzers\\semantic.ts:59:17)\n    at SemanticChecker.check (C:\\Users\\Yanis\\Projects\\smite\\plugins\\quality-gate\\src\\analyzers\\semantic.ts:34:16)"],"meta":{}},{"ancestorTitles":["SemanticChecker","Naming Conventions"],"fullName":"SemanticChecker Naming Conventions should allow UPPER_CASE constants","status":"failed","title":"should allow UPPER_CASE constants","duration":1.9045000000000982,"failureMessages":["TypeError: Cannot read properties of undefined (reading 'text')\n    at IdentifierObject.getText (C:\\Users\\Yanis\\Projects\\smite\\plugins\\quality-gate\\node_modules\\typescript\\lib\\typescript.js:151993:23)\n    at C:\\Users\\Yanis\\Projects\\smite\\plugins\\quality-gate\\src\\analyzers\\semantic.ts:87:36\n    at visit (C:\\Users\\Yanis\\Projects\\smite\\plugins\\quality-gate\\src\\parser.ts:80:7)\n    at visitNodes (C:\\Users\\Yanis\\Projects\\smite\\plugins\\quality-gate\\node_modules\\typescript\\lib\\typescript.js:32457:22)\n    at forEachChildInSourceFile (C:\\Users\\Yanis\\Projects\\smite\\plugins\\quality-gate\\node_modules\\typescript\\lib\\typescript.js:32670:12)\n    at Proxy.forEachChild (C:\\Users\\Yanis\\Projects\\smite\\plugins\\quality-gate\\node_modules\\typescript\\lib\\typescript.js:32970:35)\n    at visit (C:\\Users\\Yanis\\Projects\\smite\\plugins\\quality-gate\\src\\parser.ts:81:10)\n    at TypeScriptParser.traverseAST (C:\\Users\\Yanis\\Projects\\smite\\plugins\\quality-gate\\src\\parser.ts:83:5)\n    at SemanticChecker.checkNaming (C:\\Users\\Yanis\\Projects\\smite\\plugins\\quality-gate\\src\\analyzers\\semantic.ts:59:17)\n    at SemanticChecker.check (C:\\Users\\Yanis\\Projects\\smite\\plugins\\quality-gate\\src\\analyzers\\semantic.ts:34:16)"],"meta":{}},{"ancestorTitles":["SemanticChecker","Naming Conventions"],"fullName":"SemanticChecker Naming Conventions should provide correct suggestion for fixing naming","status":"failed","title":"should provide correct suggestion for fixing naming","duration":3.460099999999784,"failureMessages":["TypeError: Cannot read properties of undefined (reading 'text')\n    at IdentifierObject.getText (C:\\Users\\Yanis\\Projects\\smite\\plugins\\quality-gate\\node_modules\\typescript\\lib\\typescript.js:151993:23)\n    at C:\\Users\\Yanis\\Projects\\smite\\plugins\\quality-gate\\src\\analyzers\\semantic.ts:62:32\n    at visit (C:\\Users\\Yanis\\Projects\\smite\\plugins\\quality-gate\\src\\parser.ts:80:7)\n    at visitNodes (C:\\Users\\Yanis\\Projects\\smite\\plugins\\quality-gate\\node_modules\\typescript\\lib\\typescript.js:32457:22)\n    at forEachChildInSourceFile (C:\\Users\\Yanis\\Projects\\smite\\plugins\\quality-gate\\node_modules\\typescript\\lib\\typescript.js:32670:12)\n    at Proxy.forEachChild (C:\\Users\\Yanis\\Projects\\smite\\plugins\\quality-gate\\node_modules\\typescript\\lib\\typescript.js:32970:35)\n    at visit (C:\\Users\\Yanis\\Projects\\smite\\plugins\\quality-gate\\src\\parser.ts:81:10)\n    at TypeScriptParser.traverseAST (C:\\Users\\Yanis\\Projects\\smite\\plugins\\quality-gate\\src\\parser.ts:83:5)\n    at SemanticChecker.checkNaming (C:\\Users\\Yanis\\Projects\\smite\\plugins\\quality-gate\\src\\analyzers\\semantic.ts:59:17)\n    at SemanticChecker.check (C:\\Users\\Yanis\\Projects\\smite\\plugins\\quality-gate\\src\\analyzers\\semantic.ts:34:16)"],"meta":{}},{"ancestorTitles":["SemanticChecker","Type Consistency"],"fullName":"SemanticChecker Type Consistency should detect \"any\" type usage","status":"failed","title":"should detect \"any\" type usage","duration":2.578899999999976,"failureMessages":["TypeError: Cannot read properties of undefined (reading 'text')\n    at getTokenPosOfNode (C:\\Users\\Yanis\\Projects\\smite\\plugins\\quality-gate\\node_modules\\typescript\\lib\\typescript.js:16646:47)\n    at TokenObject.getStart (C:\\Users\\Yanis\\Projects\\smite\\plugins\\quality-gate\\node_modules\\typescript\\lib\\typescript.js:151969:12)\n    at C:\\Users\\Yanis\\Projects\\smite\\plugins\\quality-gate\\src\\analyzers\\semantic.ts:119:80\n    at visit (C:\\Users\\Yanis\\Projects\\smite\\plugins\\quality-gate\\src\\parser.ts:80:7)\n    at visitNode2 (C:\\Users\\Yanis\\Projects\\smite\\plugins\\quality-gate\\node_modules\\typescript\\lib\\typescript.js:32449:18)\n    at forEachChildInParameter (C:\\Users\\Yanis\\Projects\\smite\\plugins\\quality-gate\\node_modules\\typescript\\lib\\typescript.js:32499:177)\n    at Proxy.forEachChild (C:\\Users\\Yanis\\Projects\\smite\\plugins\\quality-gate\\node_modules\\typescript\\lib\\typescript.js:32970:35)\n    at visit (C:\\Users\\Yanis\\Projects\\smite\\plugins\\quality-gate\\src\\parser.ts:81:10)\n    at visitNodes (C:\\Users\\Yanis\\Projects\\smite\\plugins\\quality-gate\\node_modules\\typescript\\lib\\typescript.js:32457:22)\n    at forEachChildInFunctionDeclaration (C:\\Users\\Yanis\\Projects\\smite\\plugins\\quality-gate\\node_modules\\typescript\\lib\\typescript.js:32543:186)"],"meta":{}},{"ancestorTitles":["SemanticChecker","Type Consistency"],"fullName":"SemanticChecker Type Consistency should allow specific types","status":"passed","title":"should allow specific types","duration":1.8049000000000888,"failureMessages":[],"meta":{}},{"ancestorTitles":["SemanticChecker","Type Consistency"],"fullName":"SemanticChecker Type Consistency should detect type assertions","status":"failed","title":"should detect type assertions","duration":2.7371000000002823,"failureMessages":["TypeError: Cannot read properties of undefined (reading 'text')\n    at getTokenPosOfNode (C:\\Users\\Yanis\\Projects\\smite\\plugins\\quality-gate\\node_modules\\typescript\\lib\\typescript.js:16646:47)\n    at NodeObject.getStart (C:\\Users\\Yanis\\Projects\\smite\\plugins\\quality-gate\\node_modules\\typescript\\lib\\typescript.js:151829:12)\n    at C:\\Users\\Yanis\\Projects\\smite\\plugins\\quality-gate\\src\\analyzers\\semantic.ts:138:80\n    at visit (C:\\Users\\Yanis\\Projects\\smite\\plugins\\quality-gate\\src\\parser.ts:80:7)\n    at visitNode2 (C:\\Users\\Yanis\\Projects\\smite\\plugins\\quality-gate\\node_modules\\typescript\\lib\\typescript.js:32449:18)\n    at forEachChildInVariableDeclaration (C:\\Users\\Yanis\\Projects\\smite\\plugins\\quality-gate\\node_modules\\typescript\\lib\\typescript.js:32511:123)\n    at Proxy.forEachChild (C:\\Users\\Yanis\\Projects\\smite\\plugins\\quality-gate\\node_modules\\typescript\\lib\\typescript.js:32970:35)\n    at visit (C:\\Users\\Yanis\\Projects\\smite\\plugins\\quality-gate\\src\\parser.ts:81:10)\n    at visitNodes (C:\\Users\\Yanis\\Projects\\smite\\plugins\\quality-gate\\node_modules\\typescript\\lib\\typescript.js:32457:22)\n    at forEachChildInVariableDeclarationList (C:\\Users\\Yanis\\Projects\\smite\\plugins\\quality-gate\\node_modules\\typescript\\lib\\typescript.js:32676:12)"],"meta":{}},{"ancestorTitles":["SemanticChecker","Type Consistency"],"fullName":"SemanticChecker Type Consistency should provide suggestion for \"any\" type","status":"failed","title":"should provide suggestion for \"any\" type","duration":2.7403000000003885,"failureMessages":["TypeError: Cannot read properties of undefined (reading 'text')\n    at getTokenPosOfNode (C:\\Users\\Yanis\\Projects\\smite\\plugins\\quality-gate\\node_modules\\typescript\\lib\\typescript.js:16646:47)\n    at TokenObject.getStart (C:\\Users\\Yanis\\Projects\\smite\\plugins\\quality-gate\\node_modules\\typescript\\lib\\typescript.js:151969:12)\n    at C:\\Users\\Yanis\\Projects\\smite\\plugins\\quality-gate\\src\\analyzers\\semantic.ts:119:80\n    at visit (C:\\Users\\Yanis\\Projects\\smite\\plugins\\quality-gate\\src\\parser.ts:80:7)\n    at visitNode2 (C:\\Users\\Yanis\\Projects\\smite\\plugins\\quality-gate\\node_modules\\typescript\\lib\\typescript.js:32449:18)\n    at forEachChildInParameter (C:\\Users\\Yanis\\Projects\\smite\\plugins\\quality-gate\\node_modules\\typescript\\lib\\typescript.js:32499:177)\n    at Proxy.forEachChild (C:\\Users\\Yanis\\Projects\\smite\\plugins\\quality-gate\\node_modules\\typescript\\lib\\typescript.js:32970:35)\n    at visit (C:\\Users\\Yanis\\Projects\\smite\\plugins\\quality-gate\\src\\parser.ts:81:10)\n    at visitNodes (C:\\Users\\Yanis\\Projects\\smite\\plugins\\quality-gate\\node_modules\\typescript\\lib\\typescript.js:32457:22)\n    at forEachChildInFunctionDeclaration (C:\\Users\\Yanis\\Projects\\smite\\plugins\\quality-gate\\node_modules\\typescript\\lib\\typescript.js:32543:186)"],"meta":{}},{"ancestorTitles":["SemanticChecker","Check Configuration"],"fullName":"SemanticChecker Check Configuration should respect disabled checks","status":"passed","title":"should respect disabled checks","duration":0.9681000000000495,"failureMessages":[],"meta":{}},{"ancestorTitles":["SemanticChecker","Check Configuration"],"fullName":"SemanticChecker Check Configuration should support warning severity","status":"failed","title":"should support warning severity","duration":1.3730999999997948,"failureMessages":["TypeError: Cannot read properties of undefined (reading 'text')\n    at IdentifierObject.getText (C:\\Users\\Yanis\\Projects\\smite\\plugins\\quality-gate\\node_modules\\typescript\\lib\\typescript.js:151993:23)\n    at C:\\Users\\Yanis\\Projects\\smite\\plugins\\quality-gate\\src\\analyzers\\semantic.ts:62:32\n    at visit (C:\\Users\\Yanis\\Projects\\smite\\plugins\\quality-gate\\src\\parser.ts:80:7)\n    at visitNodes (C:\\Users\\Yanis\\Projects\\smite\\plugins\\quality-gate\\node_modules\\typescript\\lib\\typescript.js:32457:22)\n    at forEachChildInSourceFile (C:\\Users\\Yanis\\Projects\\smite\\plugins\\quality-gate\\node_modules\\typescript\\lib\\typescript.js:32670:12)\n    at Proxy.forEachChild (C:\\Users\\Yanis\\Projects\\smite\\plugins\\quality-gate\\node_modules\\typescript\\lib\\typescript.js:32970:35)\n    at visit (C:\\Users\\Yanis\\Projects\\smite\\plugins\\quality-gate\\src\\parser.ts:81:10)\n    at TypeScriptParser.traverseAST (C:\\Users\\Yanis\\Projects\\smite\\plugins\\quality-gate\\src\\parser.ts:83:5)\n    at SemanticChecker.checkNaming (C:\\Users\\Yanis\\Projects\\smite\\plugins\\quality-gate\\src\\analyzers\\semantic.ts:59:17)\n    at SemanticChecker.check (C:\\Users\\Yanis\\Projects\\smite\\plugins\\quality-gate\\src\\analyzers\\semantic.ts:34:16)"],"meta":{}},{"ancestorTitles":["SemanticChecker","Edge Cases"],"fullName":"SemanticChecker Edge Cases should handle anonymous functions","status":"failed","title":"should handle anonymous functions","duration":2.441100000000006,"failureMessages":["TypeError: Cannot read properties of undefined (reading 'text')\n    at IdentifierObject.getText (C:\\Users\\Yanis\\Projects\\smite\\plugins\\quality-gate\\node_modules\\typescript\\lib\\typescript.js:151993:23)\n    at C:\\Users\\Yanis\\Projects\\smite\\plugins\\quality-gate\\src\\analyzers\\semantic.ts:87:36\n    at visit (C:\\Users\\Yanis\\Projects\\smite\\plugins\\quality-gate\\src\\parser.ts:80:7)\n    at visitNodes (C:\\Users\\Yanis\\Projects\\smite\\plugins\\quality-gate\\node_modules\\typescript\\lib\\typescript.js:32457:22)\n    at forEachChildInSourceFile (C:\\Users\\Yanis\\Projects\\smite\\plugins\\quality-gate\\node_modules\\typescript\\lib\\typescript.js:32670:12)\n    at Proxy.forEachChild (C:\\Users\\Yanis\\Projects\\smite\\plugins\\quality-gate\\node_modules\\typescript\\lib\\typescript.js:32970:35)\n    at visit (C:\\Users\\Yanis\\Projects\\smite\\plugins\\quality-gate\\src\\parser.ts:81:10)\n    at TypeScriptParser.traverseAST (C:\\Users\\Yanis\\Projects\\smite\\plugins\\quality-gate\\src\\parser.ts:83:5)\n    at SemanticChecker.checkNaming (C:\\Users\\Yanis\\Projects\\smite\\plugins\\quality-gate\\src\\analyzers\\semantic.ts:59:17)\n    at SemanticChecker.check (C:\\Users\\Yanis\\Projects\\smite\\plugins\\quality-gate\\src\\analyzers\\semantic.ts:34:16)"],"meta":{}},{"ancestorTitles":["SemanticChecker","Edge Cases"],"fullName":"SemanticChecker Edge Cases should handle arrow functions","status":"failed","title":"should handle arrow functions","duration":2.7222999999999047,"failureMessages":["TypeError: Cannot read properties of undefined (reading 'text')\n    at IdentifierObject.getText (C:\\Users\\Yanis\\Projects\\smite\\plugins\\quality-gate\\node_modules\\typescript\\lib\\typescript.js:151993:23)\n    at C:\\Users\\Yanis\\Projects\\smite\\plugins\\quality-gate\\src\\analyzers\\semantic.ts:87:36\n    at visit (C:\\Users\\Yanis\\Projects\\smite\\plugins\\quality-gate\\src\\parser.ts:80:7)\n    at visitNodes (C:\\Users\\Yanis\\Projects\\smite\\plugins\\quality-gate\\node_modules\\typescript\\lib\\typescript.js:32457:22)\n    at forEachChildInSourceFile (C:\\Users\\Yanis\\Projects\\smite\\plugins\\quality-gate\\node_modules\\typescript\\lib\\typescript.js:32670:12)\n    at Proxy.forEachChild (C:\\Users\\Yanis\\Projects\\smite\\plugins\\quality-gate\\node_modules\\typescript\\lib\\typescript.js:32970:35)\n    at visit (C:\\Users\\Yanis\\Projects\\smite\\plugins\\quality-gate\\src\\parser.ts:81:10)\n    at TypeScriptParser.traverseAST (C:\\Users\\Yanis\\Projects\\smite\\plugins\\quality-gate\\src\\parser.ts:83:5)\n    at SemanticChecker.checkNaming (C:\\Users\\Yanis\\Projects\\smite\\plugins\\quality-gate\\src\\analyzers\\semantic.ts:59:17)\n    at SemanticChecker.check (C:\\Users\\Yanis\\Projects\\smite\\plugins\\quality-gate\\src\\analyzers\\semantic.ts:34:16)"],"meta":{}},{"ancestorTitles":["SemanticChecker","Edge Cases"],"fullName":"SemanticChecker Edge Cases should handle empty files","status":"passed","title":"should handle empty files","duration":1.8866000000002714,"failureMessages":[],"meta":{}},{"ancestorTitles":["SemanticChecker","Edge Cases"],"fullName":"SemanticChecker Edge Cases should handle unknown check types gracefully","status":"passed","title":"should handle unknown check types gracefully","duration":1.774199999999837,"failureMessages":[],"meta":{}}],"startTime":1768837948431,"endTime":1768837948563.7742,"status":"failed","message":"","name":"C:/Users/Yanis/Projects/smite/plugins/quality-gate/src/analyzers/semantic.test.ts"}]}